#! /c/iverilog/bin/vvp
:ivl_version "0.9.7 " "(v0_9_7)";
:vpi_time_precision + 0;
:vpi_module "system";
:vpi_module "v2005_math";
:vpi_module "va_math";
S_011079D8 .scope module, "tb" "tb" 2 3;
 .timescale 0 0;
v01146F70_0 .var "clk", 0 0;
S_01107378 .scope module, "uut" "main" 2 7, 3 10, S_011079D8;
 .timescale 0 0;
L_010F46E0 .functor AND 1, L_0114B048, v01108C88_0, C4<1>, C4<1>;
v01146838_0 .net *"_s2", 15 0, C4<0000000000000000>; 1 drivers
v01146890_0 .net "alu_to_control", 31 0, v01109100_0; 1 drivers
v011468E8_0 .net "alu_zero", 0 0, v01108C88_0; 1 drivers
v01146FC8_0 .net "branch_mux_result", 31 0, L_0114A230; 1 drivers
v01147808_0 .net "branch_mux_select", 0 0, L_010F46E0; 1 drivers
v011475A0_0 .net "clk", 0 0, v01146F70_0; 1 drivers
v011472E0_0 .net "control_branch_flag", 0 0, L_0114B048; 1 drivers
v01147440_0 .net "control_pc_offset", 31 0, L_0114AE38; 1 drivers
v01147758_0 .net "control_to_adder_base", 31 0, L_0114ADE0; 1 drivers
v01147498_0 .net "control_to_adder_offset", 31 0, L_0114AF40; 1 drivers
v01147180_0 .net "control_to_alu1", 31 0, L_01147C50; 1 drivers
v01147700_0 .net "control_to_alu2", 31 0, L_01145EF0; 1 drivers
v01147338_0 .net "control_to_data_mem_data", 31 0, L_0114BF18; 1 drivers
v011477B0_0 .net "d1", 31 0, L_01145FA0; 1 drivers
v011470D0_0 .net "d2", 31 0, L_01145BD8; 1 drivers
v01147860_0 .net "data_mem_adder_output", 31 0, L_0114A440; 1 drivers
v011471D8_0 .net "data_mem_to_control_data", 31 0, L_01149E68; 1 drivers
v01147390_0 .net "data_mem_write_enable", 0 0, L_01149EC0; 1 drivers
v011474F0_0 .net "if_branch_result", 31 0, L_0114A180; 1 drivers
v01147020_0 .net "if_not_branch_result", 31 0, L_01149C00; 1 drivers
v01147548_0 .net "instruction", 31 0, L_011463C0; 1 drivers
v011475F8_0 .net "one", 31 0, C4<00000000000000000000000000000001>; 1 drivers
v01147650_0 .var "pc", 15 0;
v011476A8_0 .net "pc_32_bit", 31 0, L_01149998; 1 drivers
v011478B8_0 .net "r_dest", 4 0, L_01145CE0; 1 drivers
v01147128_0 .net "rs1", 4 0, L_011460A8; 1 drivers
v01147230_0 .net "rs2", 4 0, L_01145C88; 1 drivers
v011473E8_0 .net "write_data", 31 0, L_0114AD88; 1 drivers
v01147288_0 .net "write_enable", 0 0, L_0114B468; 1 drivers
E_01105040 .event posedge, v011475A0_0;
L_01149998 .concat [ 16 16 0 0], v01147650_0, C4<0000000000000000>;
S_01107A60 .scope module, "uut1" "instruction_memory" 3 45, 4 1, S_01107378;
 .timescale 0 0;
v01146C58_0 .net *"_s0", 17 0, L_01147078; 1 drivers
v011465D0_0 .net *"_s10", 31 0, C4<00000000000000000000000000000000>; 1 drivers
v01146AF8_0 .net *"_s3", 1 0, C4<00>; 1 drivers
v011466D8_0 .net *"_s4", 17 0, C4<001111111111111111>; 1 drivers
v01146D60_0 .net *"_s6", 0 0, L_01145F48; 1 drivers
v01146730_0 .net *"_s8", 31 0, L_011462B8; 1 drivers
v01146788_0 .net "address", 15 0, v01147650_0; 1 drivers
v01146B50_0 .alias "instruction", 31 0, v01147548_0;
v01146BA8 .array "mem", 0 65535, 31 0;
L_01147078 .concat [ 16 2 0 0], v01147650_0, C4<00>;
L_01145F48 .cmp/ge 18, C4<001111111111111111>, L_01147078;
L_011462B8 .array/port v01146BA8, v01147650_0;
L_011463C0 .functor MUXZ 32, C4<00000000000000000000000000000000>, L_011462B8, L_01145F48, C4<>;
S_011078C8 .scope module, "uut2" "instruction_split" 3 47, 5 1, S_01107378;
 .timescale 0 0;
v01146998_0 .alias "instruction", 31 0, v01147548_0;
v01146F18_0 .alias "rd", 4 0, v011478B8_0;
v01146680_0 .alias "rs1", 4 0, v01147128_0;
v01146578_0 .alias "rs2", 4 0, v01147230_0;
L_01145CE0 .part L_011463C0, 21, 5;
L_011460A8 .part L_011463C0, 16, 5;
L_01145C88 .part L_011463C0, 11, 5;
S_01107840 .scope module, "uut3" "register" 3 49, 6 1, S_01107378;
 .timescale 0 0;
v011456D0_0 .net *"_s0", 6 0, L_01146158; 1 drivers
v01145728_0 .net *"_s10", 31 0, C4<00000000000000000000000000000000>; 1 drivers
v01145620_0 .net *"_s14", 6 0, L_01145E98; 1 drivers
v01145518_0 .net *"_s17", 1 0, C4<00>; 1 drivers
v01145830_0 .net *"_s18", 6 0, C4<0010111>; 1 drivers
v01145570_0 .net *"_s20", 0 0, L_01145FF8; 1 drivers
v01146DB8_0 .net *"_s22", 31 0, L_01145A20; 1 drivers
v01146AA0_0 .net *"_s24", 31 0, C4<00000000000000000000000000000000>; 1 drivers
v01146C00_0 .net *"_s3", 1 0, C4<00>; 1 drivers
v01146470_0 .net *"_s4", 6 0, C4<0010111>; 1 drivers
v011464C8_0 .net *"_s6", 0 0, L_01146418; 1 drivers
v01146EC0_0 .net *"_s8", 31 0, L_01146310; 1 drivers
v01146A48_0 .alias "data_in", 31 0, v011473E8_0;
v01146940_0 .alias "data_out1", 31 0, v011477B0_0;
v011467E0_0 .alias "data_out2", 31 0, v011470D0_0;
v01146CB0_0 .var/i "i", 31 0;
v01146520 .array "mem", 0 31, 31 0;
v01146D08_0 .alias "pc", 15 0, v01146788_0;
v011469F0_0 .alias "read_address1", 4 0, v01147128_0;
v01146E68_0 .alias "read_address2", 4 0, v01147230_0;
v01146628_0 .alias "write_address", 4 0, v011478B8_0;
v01146E10_0 .alias "write_enable", 0 0, v01147288_0;
E_01104EE0 .event edge, v01146D08_0;
L_01146158 .concat [ 5 2 0 0], L_011460A8, C4<00>;
L_01146418 .cmp/ge 7, C4<0010111>, L_01146158;
L_01146310 .array/port v01146520, L_011460A8;
L_01145FA0 .functor MUXZ 32, C4<00000000000000000000000000000000>, L_01146310, L_01146418, C4<>;
L_01145E98 .concat [ 5 2 0 0], L_01145C88, C4<00>;
L_01145FF8 .cmp/ge 7, C4<0010111>, L_01145E98;
L_01145A20 .array/port v01146520, L_01145C88;
L_01145BD8 .functor MUXZ 32, C4<00000000000000000000000000000000>, L_01145A20, L_01145FF8, C4<>;
S_01107730 .scope module, "uut4" "control_unit" 3 51, 7 170, S_01107378;
 .timescale 0 0;
L_01147C50 .functor BUFZ 32, L_01145FA0, C4<00000000000000000000000000000000>, C4<00000000000000000000000000000000>, C4<00000000000000000000000000000000>;
L_01147B00 .functor OR 1, L_01145D38, L_01145E40, C4<0>, C4<0>;
L_010F4520 .functor OR 1, L_01147B00, L_01146260, C4<0>, C4<0>;
L_01149270 .functor OR 1, L_010F4520, L_01145AD0, C4<0>, C4<0>;
L_01149820 .functor OR 1, L_01149270, L_01146100, C4<0>, C4<0>;
L_01149388 .functor OR 1, L_01149820, L_01146050, C4<0>, C4<0>;
L_01149200 .functor OR 1, L_01149388, L_01145C30, C4<0>, C4<0>;
L_0114C110 .functor OR 1, L_0114AB20, L_0114AA70, C4<0>, C4<0>;
L_0114BF18 .functor BUFZ 32, L_01145FA0, C4<00000000000000000000000000000000>, C4<00000000000000000000000000000000>, C4<00000000000000000000000000000000>;
L_0114C4B8 .functor OR 1, L_0114A808, L_0114A650, C4<0>, C4<0>;
L_0114C6B0 .functor OR 1, L_0114C4B8, L_0114A700, C4<0>, C4<0>;
L_0114C560 .functor OR 1, L_0114C6B0, L_0114B4C0, C4<0>, C4<0>;
L_0114C640 .functor OR 1, L_0114C560, L_0114B518, C4<0>, C4<0>;
L_0114C410 .functor OR 1, L_0114C640, L_0114B570, C4<0>, C4<0>;
L_0114C8E0 .functor OR 1, L_0114C410, L_0114AFF0, C4<0>, C4<0>;
L_0114E7E0 .functor OR 1, L_0114C8E0, L_0114B620, C4<0>, C4<0>;
L_0114E380 .functor OR 1, L_0114E7E0, L_0114B678, C4<0>, C4<0>;
L_0114E498 .functor OR 1, L_0114B3B8, L_0114B1A8, C4<0>, C4<0>;
L_0114E690 .functor OR 1, L_0114E498, L_0114B728, C4<0>, C4<0>;
L_0114FDC0 .functor OR 1, L_0114E690, L_0114B888, C4<0>, C4<0>;
L_0114FDF8 .functor OR 1, L_0114FDC0, L_0114B0A0, C4<0>, C4<0>;
L_0114FB90 .functor OR 1, L_0114FDF8, L_0114B8E0, C4<0>, C4<0>;
L_0114FFF0 .functor OR 1, L_0114FB90, L_0114B308, C4<0>, C4<0>;
v01109050_0 .net *"_s10", 0 0, L_01145D38; 1 drivers
v01141ED0_0 .net *"_s100", 31 0, L_0114AA18; 1 drivers
v01141A00_0 .net *"_s103", 10 0, C4<00000000000>; 1 drivers
v011422F0_0 .net *"_s104", 6 0, L_0114AAC8; 1 drivers
v01141A58_0 .net *"_s107", 0 0, C4<0>; 1 drivers
v01142138_0 .net *"_s108", 6 0, C4<0010101>; 1 drivers
v01141F80_0 .net *"_s110", 0 0, L_0114ABD0; 1 drivers
v01142190_0 .net *"_s113", 10 0, L_0114AC80; 1 drivers
v01141CC0_0 .net *"_s114", 31 0, L_0114AC28; 1 drivers
v01142348_0 .net *"_s117", 20 0, C4<000000000000000000000>; 1 drivers
v01141FD8_0 .net *"_s118", 31 0, L_0114A910; 1 drivers
v01141AB0_0 .net *"_s12", 6 0, L_01145970; 1 drivers
v01142030_0 .net *"_s122", 6 0, L_0114ACD8; 1 drivers
v01141F28_0 .net *"_s125", 0 0, C4<0>; 1 drivers
v01142088_0 .net *"_s126", 6 0, C4<0001100>; 1 drivers
v01141C10_0 .net *"_s128", 0 0, L_0114AD30; 1 drivers
v01141DC8_0 .net *"_s132", 6 0, L_0114A4F0; 1 drivers
v011420E0_0 .net *"_s135", 0 0, C4<0>; 1 drivers
v01141C68_0 .net *"_s136", 6 0, C4<0001100>; 1 drivers
v011421E8_0 .net *"_s138", 0 0, L_0114A6A8; 1 drivers
v011419A8_0 .net *"_s144", 6 0, L_0114A860; 1 drivers
v01141D70_0 .net *"_s147", 0 0, C4<0>; 1 drivers
v01142240_0 .net *"_s148", 6 0, C4<0001100>; 1 drivers
v01142298_0 .net *"_s15", 0 0, C4<0>; 1 drivers
v01141E20_0 .net *"_s150", 0 0, L_0114A498; 1 drivers
v011423F8_0 .net *"_s153", 15 0, L_0114A548; 1 drivers
v01141D18_0 .net *"_s154", 31 0, L_0114AE90; 1 drivers
v01141E78_0 .net *"_s157", 15 0, C4<0000000000000000>; 1 drivers
v011423A0_0 .net *"_s159", 10 0, L_0114AEE8; 1 drivers
v01141950_0 .net *"_s16", 6 0, C4<0000101>; 1 drivers
v01141B08_0 .net *"_s160", 31 0, L_0114A758; 1 drivers
v01141B60_0 .net *"_s163", 20 0, C4<000000000000000000000>; 1 drivers
v01141BB8_0 .net *"_s166", 6 0, L_0114A5A0; 1 drivers
v011424A8_0 .net *"_s169", 0 0, C4<0>; 1 drivers
v01142558_0 .net *"_s170", 6 0, C4<0001110>; 1 drivers
v01142660_0 .net *"_s172", 0 0, L_0114A808; 1 drivers
v01142710_0 .net *"_s174", 6 0, L_0114A5F8; 1 drivers
v01142768_0 .net *"_s177", 0 0, C4<0>; 1 drivers
v011427C0_0 .net *"_s178", 6 0, C4<0001111>; 1 drivers
v011426B8_0 .net *"_s18", 0 0, L_01145E40; 1 drivers
v011428C8_0 .net *"_s180", 0 0, L_0114A650; 1 drivers
v01142608_0 .net *"_s182", 0 0, L_0114C4B8; 1 drivers
v01142818_0 .net *"_s184", 6 0, L_0114A7B0; 1 drivers
v01142870_0 .net *"_s187", 0 0, C4<0>; 1 drivers
v01142450_0 .net *"_s188", 6 0, C4<0010000>; 1 drivers
v01142500_0 .net *"_s190", 0 0, L_0114A700; 1 drivers
v011425B0_0 .net *"_s192", 0 0, L_0114C6B0; 1 drivers
v01143878_0 .net *"_s194", 6 0, L_0114A8B8; 1 drivers
v01143458_0 .net *"_s197", 0 0, C4<0>; 1 drivers
v01143560_0 .net *"_s198", 6 0, C4<0010001>; 1 drivers
v01143610_0 .net *"_s20", 0 0, L_01147B00; 1 drivers
v011435B8_0 .net *"_s200", 0 0, L_0114B4C0; 1 drivers
v011437C8_0 .net *"_s202", 0 0, L_0114C560; 1 drivers
v01143668_0 .net *"_s204", 6 0, L_0114B200; 1 drivers
v011438D0_0 .net *"_s207", 0 0, C4<0>; 1 drivers
v011436C0_0 .net *"_s208", 6 0, C4<0010010>; 1 drivers
v01143718_0 .net *"_s210", 0 0, L_0114B518; 1 drivers
v01143770_0 .net *"_s212", 0 0, L_0114C640; 1 drivers
v011434B0_0 .net *"_s214", 6 0, L_0114B360; 1 drivers
v01143820_0 .net *"_s217", 0 0, C4<0>; 1 drivers
v01143508_0 .net *"_s218", 6 0, C4<0010011>; 1 drivers
v01142BC0_0 .net *"_s22", 6 0, L_011461B0; 1 drivers
v01142D78_0 .net *"_s220", 0 0, L_0114B570; 1 drivers
v01142FE0_0 .net *"_s222", 0 0, L_0114C410; 1 drivers
v01143140_0 .net *"_s224", 6 0, L_0114B258; 1 drivers
v01142A08_0 .net *"_s227", 0 0, C4<0>; 1 drivers
v01143198_0 .net *"_s228", 6 0, C4<0010100>; 1 drivers
v01142958_0 .net *"_s230", 0 0, L_0114AFF0; 1 drivers
v011430E8_0 .net *"_s232", 0 0, L_0114C8E0; 1 drivers
v011429B0_0 .net *"_s234", 6 0, L_0114B150; 1 drivers
v011433A8_0 .net *"_s237", 0 0, C4<0>; 1 drivers
v01142A60_0 .net *"_s238", 6 0, C4<0010101>; 1 drivers
v011432A0_0 .net *"_s240", 0 0, L_0114B620; 1 drivers
v01142E28_0 .net *"_s242", 0 0, L_0114E7E0; 1 drivers
v01143248_0 .net *"_s244", 6 0, L_0114B5C8; 1 drivers
v011431F0_0 .net *"_s247", 0 0, C4<0>; 1 drivers
v011432F8_0 .net *"_s248", 6 0, C4<0010110>; 1 drivers
v01142C18_0 .net *"_s25", 0 0, C4<0>; 1 drivers
v01142ED8_0 .net *"_s250", 0 0, L_0114B678; 1 drivers
v01142F88_0 .net *"_s252", 0 0, L_0114E380; 1 drivers
v01142F30_0 .net/s *"_s254", 0 0, C4<1>; 1 drivers
v01143350_0 .net/s *"_s256", 0 0, C4<0>; 1 drivers
v01142AB8_0 .net *"_s26", 6 0, C4<0001000>; 1 drivers
v01142B10_0 .net *"_s260", 6 0, L_0114B6D0; 1 drivers
v01142C70_0 .net *"_s263", 0 0, C4<0>; 1 drivers
v01143400_0 .net *"_s264", 6 0, C4<0001101>; 1 drivers
v01142B68_0 .net *"_s266", 0 0, L_0114B3B8; 1 drivers
v01143038_0 .net *"_s268", 6 0, L_0114B7D8; 1 drivers
v01142CC8_0 .net *"_s271", 0 0, C4<0>; 1 drivers
v01142DD0_0 .net *"_s272", 6 0, C4<0001110>; 1 drivers
v01142D20_0 .net *"_s274", 0 0, L_0114B1A8; 1 drivers
v01142E80_0 .net *"_s276", 0 0, L_0114E498; 1 drivers
v01143090_0 .net *"_s278", 6 0, L_0114B780; 1 drivers
v01143F90_0 .net *"_s28", 0 0, L_01146260; 1 drivers
v01144408_0 .net *"_s281", 0 0, C4<0>; 1 drivers
v01144358_0 .net *"_s282", 6 0, C4<0001111>; 1 drivers
v01143A10_0 .net *"_s284", 0 0, L_0114B728; 1 drivers
v01143960_0 .net *"_s286", 0 0, L_0114E690; 1 drivers
v011441F8_0 .net *"_s288", 6 0, L_0114B830; 1 drivers
v01143AC0_0 .net *"_s291", 0 0, C4<0>; 1 drivers
v01144250_0 .net *"_s292", 6 0, C4<0010000>; 1 drivers
v011439B8_0 .net *"_s294", 0 0, L_0114B888; 1 drivers
v011442A8_0 .net *"_s296", 0 0, L_0114FDC0; 1 drivers
v01143FE8_0 .net *"_s298", 6 0, L_0114AF98; 1 drivers
v01144040_0 .net *"_s30", 0 0, L_010F4520; 1 drivers
v01143A68_0 .net *"_s301", 0 0, C4<0>; 1 drivers
v01144300_0 .net *"_s302", 6 0, C4<0010001>; 1 drivers
v01144098_0 .net *"_s304", 0 0, L_0114B0A0; 1 drivers
v011441A0_0 .net *"_s306", 0 0, L_0114FDF8; 1 drivers
v011443B0_0 .net *"_s308", 6 0, L_0114B2B0; 1 drivers
v01143C78_0 .net *"_s311", 0 0, C4<0>; 1 drivers
v01143B18_0 .net *"_s312", 6 0, C4<0010010>; 1 drivers
v01143B70_0 .net *"_s314", 0 0, L_0114B8E0; 1 drivers
v01143C20_0 .net *"_s316", 0 0, L_0114FB90; 1 drivers
v01143D80_0 .net *"_s318", 6 0, L_0114B0F8; 1 drivers
v01143E30_0 .net *"_s32", 6 0, L_011459C8; 1 drivers
v01143BC8_0 .net *"_s321", 0 0, C4<0>; 1 drivers
v01143CD0_0 .net *"_s322", 6 0, C4<0010011>; 1 drivers
v01143D28_0 .net *"_s324", 0 0, L_0114B308; 1 drivers
v01143DD8_0 .net *"_s326", 0 0, L_0114FFF0; 1 drivers
v011440F0_0 .net/s *"_s328", 0 0, C4<0>; 1 drivers
v01143E88_0 .net/s *"_s330", 0 0, C4<1>; 1 drivers
v01143EE0_0 .net *"_s334", 6 0, L_0114B410; 1 drivers
v01143F38_0 .net *"_s337", 0 0, C4<0>; 1 drivers
v01144148_0 .net *"_s338", 6 0, C4<0001101>; 1 drivers
v011446C8_0 .net *"_s340", 0 0, L_0114A2E0; 1 drivers
v01144720_0 .net/s *"_s342", 0 0, C4<1>; 1 drivers
v01144510_0 .net/s *"_s344", 0 0, C4<0>; 1 drivers
v011445C0_0 .net *"_s35", 0 0, C4<0>; 1 drivers
v01144670_0 .net *"_s36", 6 0, C4<0001001>; 1 drivers
v01144618_0 .net *"_s38", 0 0, L_01145AD0; 1 drivers
v01144778_0 .net *"_s4", 6 0, L_01146208; 1 drivers
v011447D0_0 .net *"_s40", 0 0, L_01149270; 1 drivers
v01144828_0 .net *"_s42", 6 0, L_01145B80; 1 drivers
v01144880_0 .net *"_s45", 0 0, C4<0>; 1 drivers
v011448D8_0 .net *"_s46", 6 0, C4<0001010>; 1 drivers
v01144460_0 .net *"_s48", 0 0, L_01146100; 1 drivers
v011444B8_0 .net *"_s50", 0 0, L_01149820; 1 drivers
v01144568_0 .net *"_s52", 6 0, L_01145B28; 1 drivers
v01144E90_0 .net *"_s55", 0 0, C4<0>; 1 drivers
v01144C28_0 .net *"_s56", 6 0, C4<0001011>; 1 drivers
v01144CD8_0 .net *"_s58", 0 0, L_01146050; 1 drivers
v01144BD0_0 .net *"_s60", 0 0, L_01149388; 1 drivers
v01144B20_0 .net *"_s62", 6 0, L_01145A78; 1 drivers
v01144F40_0 .net *"_s65", 0 0, C4<0>; 1 drivers
v011450F8_0 .net *"_s66", 6 0, C4<0011000>; 1 drivers
v01144A70_0 .net *"_s68", 0 0, L_01145C30; 1 drivers
v01144D88_0 .net *"_s7", 0 0, C4<0>; 1 drivers
v01145200_0 .net *"_s70", 0 0, L_01149200; 1 drivers
v011451A8_0 .net *"_s73", 15 0, L_01145D90; 1 drivers
v01144FF0_0 .net *"_s74", 31 0, L_01145DE8; 1 drivers
v011449C0_0 .net *"_s77", 15 0, C4<0000000000000000>; 1 drivers
v01144F98_0 .net *"_s8", 6 0, C4<0000100>; 1 drivers
v01144AC8_0 .net *"_s80", 6 0, L_0114A968; 1 drivers
v011450A0_0 .net *"_s83", 0 0, C4<0>; 1 drivers
v01145410_0 .net *"_s84", 6 0, C4<0010100>; 1 drivers
v011452B0_0 .net *"_s86", 0 0, L_0114AB20; 1 drivers
v01145308_0 .net *"_s88", 6 0, L_0114A9C0; 1 drivers
v01145360_0 .net *"_s91", 0 0, C4<0>; 1 drivers
v01144C80_0 .net *"_s92", 6 0, C4<0010110>; 1 drivers
v011453B8_0 .net *"_s94", 0 0, L_0114AA70; 1 drivers
v01145048_0 .net *"_s96", 0 0, L_0114C110; 1 drivers
v01145150_0 .net *"_s99", 20 0, L_0114AB78; 1 drivers
v01145258_0 .alias "aluin", 31 0, v01146890_0;
v01144968_0 .alias "aluout1", 31 0, v01147180_0;
v01144A18_0 .alias "aluout2", 31 0, v01147700_0;
v01144D30_0 .alias "branch", 0 0, v011472E0_0;
v01144B78_0 .alias "data_mem_base_address", 31 0, v01147758_0;
v01144EE8_0 .alias "data_mem_offset", 31 0, v01147498_0;
v01144DE0_0 .alias "data_mem_read_data", 31 0, v011471D8_0;
v01144E38_0 .alias "data_mem_write_data", 31 0, v01147338_0;
v01145888_0 .alias "data_mem_write_enable", 0 0, v01147390_0;
v01145468_0 .alias "instruction", 31 0, v01147548_0;
v01145780_0 .alias "offset", 31 0, v01147440_0;
v011457D8_0 .alias "regin1", 31 0, v011477B0_0;
v011458E0_0 .alias "regin2", 31 0, v011470D0_0;
v011454C0_0 .alias "regout", 31 0, v011473E8_0;
v011455C8_0 .alias "write_enable", 0 0, v01147288_0;
v01145678_0 .net "x", 5 0, L_01146368; 1 drivers
L_01146368 .part L_011463C0, 26, 6;
L_01146208 .concat [ 6 1 0 0], L_01146368, C4<0>;
L_01145D38 .cmp/eq 7, L_01146208, C4<0000100>;
L_01145970 .concat [ 6 1 0 0], L_01146368, C4<0>;
L_01145E40 .cmp/eq 7, L_01145970, C4<0000101>;
L_011461B0 .concat [ 6 1 0 0], L_01146368, C4<0>;
L_01146260 .cmp/eq 7, L_011461B0, C4<0001000>;
L_011459C8 .concat [ 6 1 0 0], L_01146368, C4<0>;
L_01145AD0 .cmp/eq 7, L_011459C8, C4<0001001>;
L_01145B80 .concat [ 6 1 0 0], L_01146368, C4<0>;
L_01146100 .cmp/eq 7, L_01145B80, C4<0001010>;
L_01145B28 .concat [ 6 1 0 0], L_01146368, C4<0>;
L_01146050 .cmp/eq 7, L_01145B28, C4<0001011>;
L_01145A78 .concat [ 6 1 0 0], L_01146368, C4<0>;
L_01145C30 .cmp/eq 7, L_01145A78, C4<0011000>;
L_01145D90 .part L_011463C0, 0, 16;
L_01145DE8 .concat [ 16 16 0 0], L_01145D90, C4<0000000000000000>;
L_01145EF0 .functor MUXZ 32, L_01145BD8, L_01145DE8, L_01149200, C4<>;
L_0114A968 .concat [ 6 1 0 0], L_01146368, C4<0>;
L_0114AB20 .cmp/eq 7, L_0114A968, C4<0010100>;
L_0114A9C0 .concat [ 6 1 0 0], L_01146368, C4<0>;
L_0114AA70 .cmp/eq 7, L_0114A9C0, C4<0010110>;
L_0114AB78 .part L_011463C0, 0, 21;
L_0114AA18 .concat [ 21 11 0 0], L_0114AB78, C4<00000000000>;
L_0114AAC8 .concat [ 6 1 0 0], L_01146368, C4<0>;
L_0114ABD0 .cmp/eq 7, L_0114AAC8, C4<0010101>;
L_0114AC80 .part L_011463C0, 0, 11;
L_0114AC28 .concat [ 11 21 0 0], L_0114AC80, C4<000000000000000000000>;
L_0114A910 .functor MUXZ 32, L_0114AC28, L_01145FA0, L_0114ABD0, C4<>;
L_0114AE38 .functor MUXZ 32, L_0114A910, L_0114AA18, L_0114C110, C4<>;
L_0114ACD8 .concat [ 6 1 0 0], L_01146368, C4<0>;
L_0114AD30 .cmp/eq 7, L_0114ACD8, C4<0001100>;
L_0114AD88 .functor MUXZ 32, v01109100_0, L_01149E68, L_0114AD30, C4<>;
L_0114A4F0 .concat [ 6 1 0 0], L_01146368, C4<0>;
L_0114A6A8 .cmp/eq 7, L_0114A4F0, C4<0001100>;
L_0114ADE0 .functor MUXZ 32, L_01145BD8, L_01145FA0, L_0114A6A8, C4<>;
L_0114A860 .concat [ 6 1 0 0], L_01146368, C4<0>;
L_0114A498 .cmp/eq 7, L_0114A860, C4<0001100>;
L_0114A548 .part L_011463C0, 0, 16;
L_0114AE90 .concat [ 16 16 0 0], L_0114A548, C4<0000000000000000>;
L_0114AEE8 .part L_011463C0, 0, 11;
L_0114A758 .concat [ 11 21 0 0], L_0114AEE8, C4<000000000000000000000>;
L_0114AF40 .functor MUXZ 32, L_0114A758, L_0114AE90, L_0114A498, C4<>;
L_0114A5A0 .concat [ 6 1 0 0], L_01146368, C4<0>;
L_0114A808 .cmp/eq 7, L_0114A5A0, C4<0001110>;
L_0114A5F8 .concat [ 6 1 0 0], L_01146368, C4<0>;
L_0114A650 .cmp/eq 7, L_0114A5F8, C4<0001111>;
L_0114A7B0 .concat [ 6 1 0 0], L_01146368, C4<0>;
L_0114A700 .cmp/eq 7, L_0114A7B0, C4<0010000>;
L_0114A8B8 .concat [ 6 1 0 0], L_01146368, C4<0>;
L_0114B4C0 .cmp/eq 7, L_0114A8B8, C4<0010001>;
L_0114B200 .concat [ 6 1 0 0], L_01146368, C4<0>;
L_0114B518 .cmp/eq 7, L_0114B200, C4<0010010>;
L_0114B360 .concat [ 6 1 0 0], L_01146368, C4<0>;
L_0114B570 .cmp/eq 7, L_0114B360, C4<0010011>;
L_0114B258 .concat [ 6 1 0 0], L_01146368, C4<0>;
L_0114AFF0 .cmp/eq 7, L_0114B258, C4<0010100>;
L_0114B150 .concat [ 6 1 0 0], L_01146368, C4<0>;
L_0114B620 .cmp/eq 7, L_0114B150, C4<0010101>;
L_0114B5C8 .concat [ 6 1 0 0], L_01146368, C4<0>;
L_0114B678 .cmp/eq 7, L_0114B5C8, C4<0010110>;
L_0114B048 .functor MUXZ 1, C4<0>, C4<1>, L_0114E380, C4<>;
L_0114B6D0 .concat [ 6 1 0 0], L_01146368, C4<0>;
L_0114B3B8 .cmp/eq 7, L_0114B6D0, C4<0001101>;
L_0114B7D8 .concat [ 6 1 0 0], L_01146368, C4<0>;
L_0114B1A8 .cmp/eq 7, L_0114B7D8, C4<0001110>;
L_0114B780 .concat [ 6 1 0 0], L_01146368, C4<0>;
L_0114B728 .cmp/eq 7, L_0114B780, C4<0001111>;
L_0114B830 .concat [ 6 1 0 0], L_01146368, C4<0>;
L_0114B888 .cmp/eq 7, L_0114B830, C4<0010000>;
L_0114AF98 .concat [ 6 1 0 0], L_01146368, C4<0>;
L_0114B0A0 .cmp/eq 7, L_0114AF98, C4<0010001>;
L_0114B2B0 .concat [ 6 1 0 0], L_01146368, C4<0>;
L_0114B8E0 .cmp/eq 7, L_0114B2B0, C4<0010010>;
L_0114B0F8 .concat [ 6 1 0 0], L_01146368, C4<0>;
L_0114B308 .cmp/eq 7, L_0114B0F8, C4<0010011>;
L_0114B468 .functor MUXZ 1, C4<1>, C4<0>, L_0114FFF0, C4<>;
L_0114B410 .concat [ 6 1 0 0], L_01146368, C4<0>;
L_0114A2E0 .cmp/eq 7, L_0114B410, C4<0001101>;
L_01149EC0 .functor MUXZ 1, C4<0>, C4<1>, L_0114A2E0, C4<>;
S_01106AF8 .scope module, "uut5_data_mem" "adder" 3 53, 8 1, S_01107378;
 .timescale 0 0;
P_01105284 .param/l "N" 8 3, +C4<0100000>;
v01108CE0_0 .alias "input_1", 31 0, v01147498_0;
v01108E98_0 .alias "input_2", 31 0, v01147758_0;
v01108F48_0 .alias "output_value", 31 0, v01147860_0;
L_0114A440 .arith/sum 32, L_0114AF40, L_0114ADE0;
S_011076A8 .scope module, "uut6" "data_memory" 3 55, 9 1, S_01107378;
 .timescale 0 0;
v01109470_0 .net *"_s0", 31 0, C4<00000000000000001111111111111111>; 1 drivers
v01108EF0_0 .net *"_s2", 0 0, L_0114A128; 1 drivers
v01109208_0 .net *"_s4", 31 0, L_0114A3E8; 1 drivers
v01109520_0 .net *"_s6", 31 0, C4<00000000000000000000000000000000>; 1 drivers
v01108E40_0 .alias "data_in", 31 0, v01147338_0;
v01108A78_0 .alias "data_out", 31 0, v011471D8_0;
v01108AD0 .array "mem", 0 65535, 31 0;
v01108B28_0 .alias "read_address", 31 0, v01147860_0;
v01108C30_0 .alias "write_address", 31 0, v01147860_0;
v01108B80_0 .alias "write_enable", 0 0, v01147390_0;
E_01104F20 .event edge, v01108B80_0, v01108B28_0, v01108E40_0;
L_0114A128 .cmp/ge 32, C4<00000000000000001111111111111111>, L_0114A440;
L_0114A3E8 .array/port v01108AD0, L_0114A440;
L_01149E68 .functor MUXZ 32, C4<00000000000000000000000000000000>, L_0114A3E8, L_0114A128, C4<>;
S_01107AE8 .scope module, "uut7" "alu" 3 57, 10 1, S_01107378;
 .timescale 0 0;
v011091B0_0 .alias "a", 31 0, v01147180_0;
v01109418_0 .alias "b", 31 0, v01147700_0;
v01108DE8_0 .alias "c", 31 0, v01146890_0;
v01109100_0 .var "c_temp", 31 0;
v01108BD8_0 .alias "instruction", 31 0, v01147548_0;
v01108FA0_0 .alias "zero", 0 0, v011468E8_0;
v01108C88_0 .var "zero_temp", 0 0;
E_01105080 .event edge, v01108BD8_0, v011091B0_0, v01109418_0, v01109100_0;
S_01106C08 .scope module, "uut9_jump" "adder" 3 61, 8 1, S_01107378;
 .timescale 0 0;
P_01105104 .param/l "N" 8 3, +C4<0100000>;
v01109310_0 .alias "input_1", 31 0, v01147020_0;
v01109158_0 .alias "input_2", 31 0, v01147440_0;
v01108D90_0 .alias "output_value", 31 0, v011474F0_0;
L_0114A180 .arith/sum 32, L_01149C00, L_0114AE38;
S_01107620 .scope module, "uut10_not_jump" "adder" 3 68, 8 1, S_01107378;
 .timescale 0 0;
P_01105264 .param/l "N" 8 3, +C4<0100000>;
v011093C0_0 .alias "input_1", 31 0, v011475F8_0;
v01109368_0 .alias "input_2", 31 0, v011476A8_0;
v01108D38_0 .alias "output_value", 31 0, v01147020_0;
L_01149C00 .arith/sum 32, C4<00000000000000000000000000000001>, L_01149998;
S_01107598 .scope module, "uut11" "mux" 3 70, 11 1, S_01107378;
 .timescale 0 0;
P_01105204 .param/l "N" 11 3, +C4<0100000>;
v011094C8_0 .alias "input_1", 31 0, v01147020_0;
v011092B8_0 .alias "input_2", 31 0, v01147440_0;
v01109260_0 .alias "output_value", 31 0, v01146FC8_0;
v011090A8_0 .alias "select", 0 0, v01147808_0;
L_0114A230 .functor MUXZ 32, L_01149C00, L_0114AE38, L_010F46E0, C4<>;
    .scope S_01107A60;
T_0 ;
    %movi 8, 70254592, 32;
   %ix/load 1, 0, 0;
   %ix/load 3, 0, 0;
   %set/av v01146BA8, 8, 32;
    %movi 8, 1004638227, 32;
   %ix/load 1, 0, 0;
   %ix/load 3, 1, 0;
   %set/av v01146BA8, 8, 32;
    %movi 8, 72388608, 32;
   %ix/load 1, 0, 0;
   %ix/load 3, 2, 0;
   %set/av v01146BA8, 8, 32;
    %movi 8, 73531393, 32;
   %ix/load 1, 0, 0;
   %ix/load 3, 3, 0;
   %set/av v01146BA8, 8, 32;
    %movi 8, 845807616, 32;
   %ix/load 1, 0, 0;
   %ix/load 3, 4, 0;
   %set/av v01146BA8, 8, 32;
    %movi 8, 1005787153, 32;
   %ix/load 1, 0, 0;
   %ix/load 3, 5, 0;
   %set/av v01146BA8, 8, 32;
    %movi 8, 278069248, 32;
   %ix/load 1, 0, 0;
   %ix/load 3, 6, 0;
   %set/av v01146BA8, 8, 32;
    %movi 8, 8685568, 32;
   %ix/load 1, 0, 0;
   %ix/load 3, 7, 0;
   %set/av v01146BA8, 8, 32;
    %movi 8, 279183361, 32;
   %ix/load 1, 0, 0;
   %ix/load 3, 8, 0;
   %set/av v01146BA8, 8, 32;
    %movi 8, 818151424, 32;
   %ix/load 1, 0, 0;
   %ix/load 3, 9, 0;
   %set/av v01146BA8, 8, 32;
    %movi 8, 820314112, 32;
   %ix/load 1, 0, 0;
   %ix/load 3, 10, 0;
   %set/av v01146BA8, 8, 32;
    %movi 8, 1340487695, 32;
   %ix/load 1, 0, 0;
   %ix/load 3, 11, 0;
   %set/av v01146BA8, 8, 32;
    %movi 8, 310771712, 32;
   %ix/load 1, 0, 0;
   %ix/load 3, 12, 0;
   %set/av v01146BA8, 8, 32;
    %movi 8, 937893888, 32;
   %ix/load 1, 0, 0;
   %ix/load 3, 13, 0;
   %set/av v01146BA8, 8, 32;
    %movi 8, 938747904, 32;
   %ix/load 1, 0, 0;
   %ix/load 3, 14, 0;
   %set/av v01146BA8, 8, 32;
    %movi 8, 309526529, 32;
   %ix/load 1, 0, 0;
   %ix/load 3, 15, 0;
   %set/av v01146BA8, 8, 32;
    %movi 8, 1407188997, 32;
   %ix/load 1, 0, 0;
   %ix/load 3, 16, 0;
   %set/av v01146BA8, 8, 32;
    %movi 8, 307363841, 32;
   %ix/load 1, 0, 0;
   %ix/load 3, 17, 0;
   %set/av v01146BA8, 8, 32;
    %movi 8, 1407188993, 32;
   %ix/load 1, 0, 0;
   %ix/load 3, 18, 0;
   %set/av v01146BA8, 8, 32;
    %movi 8, 1407189011, 32;
   %ix/load 1, 0, 0;
   %ix/load 3, 19, 0;
   %set/av v01146BA8, 8, 32;
    %end;
    .thread T_0;
    .scope S_01107840;
T_1 ;
    %movi 8, 1, 32;
   %ix/load 1, 0, 0;
   %ix/load 3, 0, 0;
   %set/av v01146520, 8, 32;
    %movi 8, 1, 32;
    %set/v v01146CB0_0, 8, 32;
T_1.0 ;
    %load/v 8, v01146CB0_0, 32;
   %cmpi/s 8, 32, 32;
    %jmp/0xz T_1.1, 5;
    %ix/getv/s 3, v01146CB0_0;
   %jmp/1 t_0, 4;
   %ix/load 1, 0, 0;
   %set/av v01146520, 0, 32;
t_0 ;
    %ix/load 0, 1, 0;
    %load/vp0/s 8, v01146CB0_0, 32;
    %set/v v01146CB0_0, 8, 32;
    %jmp T_1.0;
T_1.1 ;
    %movi 8, 10, 32;
   %ix/load 1, 0, 0;
   %ix/load 3, 16, 0;
   %set/av v01146520, 8, 32;
    %movi 8, 2, 32;
   %ix/load 1, 0, 0;
   %ix/load 3, 17, 0;
   %set/av v01146520, 8, 32;
    %end;
    .thread T_1;
    .scope S_01107840;
T_2 ;
    %wait E_01104EE0;
    %load/v 8, v01146E10_0, 1;
    %jmp/0xz  T_2.0, 8;
    %load/v 8, v01146A48_0, 32;
    %ix/getv 3, v01146628_0;
   %jmp/1 t_1, 4;
   %ix/load 1, 0, 0;
   %set/av v01146520, 8, 32;
t_1 ;
T_2.0 ;
    %jmp T_2;
    .thread T_2, $push;
    .scope S_011076A8;
T_3 ;
   %ix/load 1, 0, 0;
   %ix/load 3, 0, 0;
   %set/av v01108AD0, 0, 32;
    %movi 8, 2, 32;
   %ix/load 1, 0, 0;
   %ix/load 3, 2, 0;
   %set/av v01108AD0, 8, 32;
    %movi 8, 7, 32;
   %ix/load 1, 0, 0;
   %ix/load 3, 3, 0;
   %set/av v01108AD0, 8, 32;
    %movi 8, 9, 32;
   %ix/load 1, 0, 0;
   %ix/load 3, 4, 0;
   %set/av v01108AD0, 8, 32;
    %movi 8, 8, 32;
   %ix/load 1, 0, 0;
   %ix/load 3, 5, 0;
   %set/av v01108AD0, 8, 32;
    %movi 8, 6, 32;
   %ix/load 1, 0, 0;
   %ix/load 3, 6, 0;
   %set/av v01108AD0, 8, 32;
    %movi 8, 4, 32;
   %ix/load 1, 0, 0;
   %ix/load 3, 7, 0;
   %set/av v01108AD0, 8, 32;
    %movi 8, 5, 32;
   %ix/load 1, 0, 0;
   %ix/load 3, 8, 0;
   %set/av v01108AD0, 8, 32;
    %movi 8, 1, 32;
   %ix/load 1, 0, 0;
   %ix/load 3, 9, 0;
   %set/av v01108AD0, 8, 32;
    %movi 8, 10, 32;
   %ix/load 1, 0, 0;
   %ix/load 3, 10, 0;
   %set/av v01108AD0, 8, 32;
    %movi 8, 3, 32;
   %ix/load 1, 0, 0;
   %ix/load 3, 11, 0;
   %set/av v01108AD0, 8, 32;
    %end;
    .thread T_3;
    .scope S_011076A8;
T_4 ;
    %wait E_01104F20;
    %load/v 8, v01108B80_0, 1;
    %load/v 9, v01108C30_0, 32;
   %cmpi/u 9, 65535, 32;
    %or 5, 4, 1;
    %mov 9, 5, 1;
    %and 8, 9, 1;
    %jmp/0xz  T_4.0, 8;
    %load/v 8, v01108E40_0, 32;
    %ix/getv 3, v01108C30_0;
   %jmp/1 t_2, 4;
   %ix/load 1, 0, 0;
   %set/av v01108AD0, 8, 32;
t_2 ;
T_4.0 ;
    %jmp T_4;
    .thread T_4, $push;
    .scope S_011076A8;
T_5 ;
    %vpi_call 9 61 "$display", "%d, %d, %d, %d, %d, %d, %d, %d, %d, %d", &A<v01108AD0, 2>, &A<v01108AD0, 3>, &A<v01108AD0, 4>, &A<v01108AD0, 5>, &A<v01108AD0, 6>, &A<v01108AD0, 7>, &A<v01108AD0, 8>, &A<v01108AD0, 9>, &A<v01108AD0, 10>, &A<v01108AD0, 11>;
    %delay 50000, 0;
    %vpi_call 9 62 "$display", "%d, %d, %d, %d, %d, %d, %d, %d, %d, %d", &A<v01108AD0, 2>, &A<v01108AD0, 3>, &A<v01108AD0, 4>, &A<v01108AD0, 5>, &A<v01108AD0, 6>, &A<v01108AD0, 7>, &A<v01108AD0, 8>, &A<v01108AD0, 9>, &A<v01108AD0, 10>, &A<v01108AD0, 11>;
    %end;
    .thread T_5;
    .scope S_01107AE8;
T_6 ;
    %wait E_01105080;
    %ix/load 1, 26, 0;
    %mov 4, 0, 1;
    %jmp/1 T_6.0, 4;
    %load/x1p 15, v01108BD8_0, 6;
    %jmp T_6.1;
T_6.0 ;
    %mov 15, 2, 6;
T_6.1 ;
    %mov 8, 15, 6; Move signal select into place
    %mov 14, 0, 1;
    %cmpi/u 8, 0, 7;
    %jmp/0xz  T_6.2, 4;
    %load/v 8, v011091B0_0, 32;
    %load/v 40, v01109418_0, 32;
    %add 8, 40, 32;
    %set/v v01109100_0, 8, 32;
T_6.2 ;
    %ix/load 1, 26, 0;
    %mov 4, 0, 1;
    %jmp/1 T_6.4, 4;
    %load/x1p 15, v01108BD8_0, 6;
    %jmp T_6.5;
T_6.4 ;
    %mov 15, 2, 6;
T_6.5 ;
    %mov 8, 15, 6; Move signal select into place
    %mov 14, 0, 1;
    %cmpi/u 8, 1, 7;
    %jmp/0xz  T_6.6, 4;
    %load/v 8, v011091B0_0, 32;
    %load/v 40, v01109418_0, 32;
    %sub 8, 40, 32;
    %set/v v01109100_0, 8, 32;
T_6.6 ;
    %ix/load 1, 26, 0;
    %mov 4, 0, 1;
    %jmp/1 T_6.8, 4;
    %load/x1p 15, v01108BD8_0, 6;
    %jmp T_6.9;
T_6.8 ;
    %mov 15, 2, 6;
T_6.9 ;
    %mov 8, 15, 6; Move signal select into place
    %mov 14, 0, 1;
    %cmpi/u 8, 2, 7;
    %jmp/0xz  T_6.10, 4;
    %load/v 8, v011091B0_0, 32;
    %load/v 40, v01109418_0, 32;
    %add 8, 40, 32;
    %set/v v01109100_0, 8, 32;
T_6.10 ;
    %ix/load 1, 26, 0;
    %mov 4, 0, 1;
    %jmp/1 T_6.12, 4;
    %load/x1p 15, v01108BD8_0, 6;
    %jmp T_6.13;
T_6.12 ;
    %mov 15, 2, 6;
T_6.13 ;
    %mov 8, 15, 6; Move signal select into place
    %mov 14, 0, 1;
    %cmpi/u 8, 3, 7;
    %jmp/0xz  T_6.14, 4;
    %load/v 8, v011091B0_0, 32;
    %load/v 40, v01109418_0, 32;
    %sub 8, 40, 32;
    %set/v v01109100_0, 8, 32;
T_6.14 ;
    %ix/load 1, 26, 0;
    %mov 4, 0, 1;
    %jmp/1 T_6.16, 4;
    %load/x1p 15, v01108BD8_0, 6;
    %jmp T_6.17;
T_6.16 ;
    %mov 15, 2, 6;
T_6.17 ;
    %mov 8, 15, 6; Move signal select into place
    %mov 14, 0, 1;
    %cmpi/u 8, 4, 7;
    %jmp/0xz  T_6.18, 4;
    %load/v 8, v011091B0_0, 32;
    %load/v 40, v01109418_0, 32;
    %add 8, 40, 32;
    %set/v v01109100_0, 8, 32;
T_6.18 ;
    %ix/load 1, 26, 0;
    %mov 4, 0, 1;
    %jmp/1 T_6.20, 4;
    %load/x1p 15, v01108BD8_0, 6;
    %jmp T_6.21;
T_6.20 ;
    %mov 15, 2, 6;
T_6.21 ;
    %mov 8, 15, 6; Move signal select into place
    %mov 14, 0, 1;
    %cmpi/u 8, 5, 7;
    %jmp/0xz  T_6.22, 4;
    %load/v 8, v011091B0_0, 32;
    %load/v 40, v01109418_0, 32;
    %add 8, 40, 32;
    %set/v v01109100_0, 8, 32;
T_6.22 ;
    %ix/load 1, 26, 0;
    %mov 4, 0, 1;
    %jmp/1 T_6.24, 4;
    %load/x1p 15, v01108BD8_0, 6;
    %jmp T_6.25;
T_6.24 ;
    %mov 15, 2, 6;
T_6.25 ;
    %mov 8, 15, 6; Move signal select into place
    %mov 14, 0, 1;
    %cmpi/u 8, 6, 7;
    %jmp/0xz  T_6.26, 4;
    %load/v 8, v011091B0_0, 32;
    %load/v 40, v01109418_0, 32;
    %and 8, 40, 32;
    %set/v v01109100_0, 8, 32;
T_6.26 ;
    %ix/load 1, 26, 0;
    %mov 4, 0, 1;
    %jmp/1 T_6.28, 4;
    %load/x1p 15, v01108BD8_0, 6;
    %jmp T_6.29;
T_6.28 ;
    %mov 15, 2, 6;
T_6.29 ;
    %mov 8, 15, 6; Move signal select into place
    %mov 14, 0, 1;
    %cmpi/u 8, 7, 7;
    %jmp/0xz  T_6.30, 4;
    %load/v 8, v011091B0_0, 32;
    %load/v 40, v01109418_0, 32;
    %or 8, 40, 32;
    %set/v v01109100_0, 8, 32;
T_6.30 ;
    %ix/load 1, 26, 0;
    %mov 4, 0, 1;
    %jmp/1 T_6.32, 4;
    %load/x1p 15, v01108BD8_0, 6;
    %jmp T_6.33;
T_6.32 ;
    %mov 15, 2, 6;
T_6.33 ;
    %mov 8, 15, 6; Move signal select into place
    %mov 14, 0, 1;
    %cmpi/u 8, 8, 7;
    %jmp/0xz  T_6.34, 4;
    %load/v 8, v011091B0_0, 32;
    %load/v 40, v01109418_0, 32;
    %and 8, 40, 32;
    %set/v v01109100_0, 8, 32;
T_6.34 ;
    %ix/load 1, 26, 0;
    %mov 4, 0, 1;
    %jmp/1 T_6.36, 4;
    %load/x1p 15, v01108BD8_0, 6;
    %jmp T_6.37;
T_6.36 ;
    %mov 15, 2, 6;
T_6.37 ;
    %mov 8, 15, 6; Move signal select into place
    %mov 14, 0, 1;
    %cmpi/u 8, 9, 7;
    %jmp/0xz  T_6.38, 4;
    %load/v 8, v011091B0_0, 32;
    %load/v 40, v01109418_0, 32;
    %or 8, 40, 32;
    %set/v v01109100_0, 8, 32;
T_6.38 ;
    %ix/load 1, 26, 0;
    %mov 4, 0, 1;
    %jmp/1 T_6.40, 4;
    %load/x1p 15, v01108BD8_0, 6;
    %jmp T_6.41;
T_6.40 ;
    %mov 15, 2, 6;
T_6.41 ;
    %mov 8, 15, 6; Move signal select into place
    %mov 14, 0, 1;
    %cmpi/u 8, 10, 7;
    %jmp/0xz  T_6.42, 4;
    %load/v 8, v011091B0_0, 32;
    %load/v 40, v01109418_0, 32;
    %ix/get 0, 40, 32;
    %shiftl/i0  8, 32;
    %set/v v01109100_0, 8, 32;
T_6.42 ;
    %ix/load 1, 26, 0;
    %mov 4, 0, 1;
    %jmp/1 T_6.44, 4;
    %load/x1p 15, v01108BD8_0, 6;
    %jmp T_6.45;
T_6.44 ;
    %mov 15, 2, 6;
T_6.45 ;
    %mov 8, 15, 6; Move signal select into place
    %mov 14, 0, 1;
    %cmpi/u 8, 11, 7;
    %jmp/0xz  T_6.46, 4;
    %load/v 8, v011091B0_0, 32;
    %load/v 40, v01109418_0, 32;
    %ix/get 0, 40, 32;
    %shiftr/i0  8, 32;
    %set/v v01109100_0, 8, 32;
T_6.46 ;
    %ix/load 1, 26, 0;
    %mov 4, 0, 1;
    %jmp/1 T_6.48, 4;
    %load/x1p 15, v01108BD8_0, 6;
    %jmp T_6.49;
T_6.48 ;
    %mov 15, 2, 6;
T_6.49 ;
    %mov 8, 15, 6; Move signal select into place
    %mov 14, 0, 1;
    %cmpi/u 8, 12, 7;
    %jmp/0xz  T_6.50, 4;
    %movi 8, 1, 32;
    %set/v v01109100_0, 8, 32;
T_6.50 ;
    %ix/load 1, 26, 0;
    %mov 4, 0, 1;
    %jmp/1 T_6.52, 4;
    %load/x1p 15, v01108BD8_0, 6;
    %jmp T_6.53;
T_6.52 ;
    %mov 15, 2, 6;
T_6.53 ;
    %mov 8, 15, 6; Move signal select into place
    %mov 14, 0, 1;
    %cmpi/u 8, 13, 7;
    %jmp/0xz  T_6.54, 4;
    %movi 8, 1, 32;
    %set/v v01109100_0, 8, 32;
T_6.54 ;
    %ix/load 1, 26, 0;
    %mov 4, 0, 1;
    %jmp/1 T_6.56, 4;
    %load/x1p 15, v01108BD8_0, 6;
    %jmp T_6.57;
T_6.56 ;
    %mov 15, 2, 6;
T_6.57 ;
    %mov 8, 15, 6; Move signal select into place
    %mov 14, 0, 1;
    %cmpi/u 8, 14, 7;
    %jmp/0xz  T_6.58, 4;
    %load/v 40, v011091B0_0, 32;
    %load/v 72, v01109418_0, 32;
    %cmp/u 40, 72, 32;
    %inv 4, 1;
    %mov 40, 4, 1;
    %mov 8, 40, 1;
    %mov 9, 0, 31;
    %set/v v01109100_0, 8, 32;
T_6.58 ;
    %ix/load 1, 26, 0;
    %mov 4, 0, 1;
    %jmp/1 T_6.60, 4;
    %load/x1p 15, v01108BD8_0, 6;
    %jmp T_6.61;
T_6.60 ;
    %mov 15, 2, 6;
T_6.61 ;
    %mov 8, 15, 6; Move signal select into place
    %mov 14, 0, 1;
    %cmpi/u 8, 15, 7;
    %jmp/0xz  T_6.62, 4;
    %load/v 40, v011091B0_0, 32;
    %load/v 72, v01109418_0, 32;
    %cmp/u 40, 72, 32;
    %mov 40, 4, 1;
    %mov 8, 40, 1;
    %mov 9, 0, 31;
    %set/v v01109100_0, 8, 32;
T_6.62 ;
    %ix/load 1, 26, 0;
    %mov 4, 0, 1;
    %jmp/1 T_6.64, 4;
    %load/x1p 15, v01108BD8_0, 6;
    %jmp T_6.65;
T_6.64 ;
    %mov 15, 2, 6;
T_6.65 ;
    %mov 8, 15, 6; Move signal select into place
    %mov 14, 0, 1;
    %cmpi/u 8, 16, 7;
    %jmp/0xz  T_6.66, 4;
    %load/v 40, v011091B0_0, 32;
    %load/v 72, v01109418_0, 32;
    %cmp/u 40, 72, 32;
    %or 5, 4, 1;
    %mov 40, 5, 1;
    %mov 8, 40, 1;
    %mov 9, 0, 31;
    %set/v v01109100_0, 8, 32;
T_6.66 ;
    %ix/load 1, 26, 0;
    %mov 4, 0, 1;
    %jmp/1 T_6.68, 4;
    %load/x1p 15, v01108BD8_0, 6;
    %jmp T_6.69;
T_6.68 ;
    %mov 15, 2, 6;
T_6.69 ;
    %mov 8, 15, 6; Move signal select into place
    %mov 14, 0, 1;
    %cmpi/u 8, 17, 7;
    %jmp/0xz  T_6.70, 4;
    %load/v 40, v011091B0_0, 32;
    %load/v 72, v01109418_0, 32;
    %cmp/u 40, 72, 32;
    %mov 40, 5, 1;
    %mov 8, 40, 1;
    %mov 9, 0, 31;
    %set/v v01109100_0, 8, 32;
T_6.70 ;
    %ix/load 1, 26, 0;
    %mov 4, 0, 1;
    %jmp/1 T_6.72, 4;
    %load/x1p 15, v01108BD8_0, 6;
    %jmp T_6.73;
T_6.72 ;
    %mov 15, 2, 6;
T_6.73 ;
    %mov 8, 15, 6; Move signal select into place
    %mov 14, 0, 1;
    %cmpi/u 8, 18, 7;
    %jmp/0xz  T_6.74, 4;
    %load/v 40, v01109418_0, 32;
    %load/v 72, v011091B0_0, 32;
    %cmp/u 40, 72, 32;
    %or 5, 4, 1;
    %mov 40, 5, 1;
    %mov 8, 40, 1;
    %mov 9, 0, 31;
    %set/v v01109100_0, 8, 32;
T_6.74 ;
    %ix/load 1, 26, 0;
    %mov 4, 0, 1;
    %jmp/1 T_6.76, 4;
    %load/x1p 15, v01108BD8_0, 6;
    %jmp T_6.77;
T_6.76 ;
    %mov 15, 2, 6;
T_6.77 ;
    %mov 8, 15, 6; Move signal select into place
    %mov 14, 0, 1;
    %cmpi/u 8, 19, 7;
    %jmp/0xz  T_6.78, 4;
    %load/v 40, v01109418_0, 32;
    %load/v 72, v011091B0_0, 32;
    %cmp/u 40, 72, 32;
    %mov 40, 5, 1;
    %mov 8, 40, 1;
    %mov 9, 0, 31;
    %set/v v01109100_0, 8, 32;
T_6.78 ;
    %ix/load 1, 26, 0;
    %mov 4, 0, 1;
    %jmp/1 T_6.80, 4;
    %load/x1p 15, v01108BD8_0, 6;
    %jmp T_6.81;
T_6.80 ;
    %mov 15, 2, 6;
T_6.81 ;
    %mov 8, 15, 6; Move signal select into place
    %mov 14, 0, 1;
    %cmpi/u 8, 20, 7;
    %jmp/0xz  T_6.82, 4;
    %set/v v01109100_0, 0, 32;
T_6.82 ;
    %ix/load 1, 26, 0;
    %mov 4, 0, 1;
    %jmp/1 T_6.84, 4;
    %load/x1p 15, v01108BD8_0, 6;
    %jmp T_6.85;
T_6.84 ;
    %mov 15, 2, 6;
T_6.85 ;
    %mov 8, 15, 6; Move signal select into place
    %mov 14, 0, 1;
    %cmpi/u 8, 21, 7;
    %jmp/0xz  T_6.86, 4;
    %set/v v01109100_0, 0, 32;
T_6.86 ;
    %ix/load 1, 26, 0;
    %mov 4, 0, 1;
    %jmp/1 T_6.88, 4;
    %load/x1p 15, v01108BD8_0, 6;
    %jmp T_6.89;
T_6.88 ;
    %mov 15, 2, 6;
T_6.89 ;
    %mov 8, 15, 6; Move signal select into place
    %mov 14, 0, 1;
    %cmpi/u 8, 22, 7;
    %jmp/0xz  T_6.90, 4;
    %set/v v01109100_0, 0, 32;
T_6.90 ;
    %ix/load 1, 26, 0;
    %mov 4, 0, 1;
    %jmp/1 T_6.92, 4;
    %load/x1p 15, v01108BD8_0, 6;
    %jmp T_6.93;
T_6.92 ;
    %mov 15, 2, 6;
T_6.93 ;
    %mov 8, 15, 6; Move signal select into place
    %mov 14, 0, 1;
    %cmpi/u 8, 23, 7;
    %jmp/0xz  T_6.94, 4;
    %load/v 8, v011091B0_0, 32;
    %load/v 40, v01109418_0, 32;
    %cmp/u 8, 40, 32;
    %mov 8, 5, 1;
    %jmp/0  T_6.96, 8;
    %movi 9, 1, 32;
    %jmp/1  T_6.98, 8;
T_6.96 ; End of true expr.
    %jmp/0  T_6.97, 8;
 ; End of false expr.
    %blend  9, 0, 32; Condition unknown.
    %jmp  T_6.98;
T_6.97 ;
    %mov 9, 0, 32; Return false value
T_6.98 ;
    %set/v v01109100_0, 9, 32;
T_6.94 ;
    %ix/load 1, 26, 0;
    %mov 4, 0, 1;
    %jmp/1 T_6.99, 4;
    %load/x1p 15, v01108BD8_0, 6;
    %jmp T_6.100;
T_6.99 ;
    %mov 15, 2, 6;
T_6.100 ;
    %mov 8, 15, 6; Move signal select into place
    %mov 14, 0, 1;
    %cmpi/u 8, 24, 7;
    %jmp/0xz  T_6.101, 4;
    %load/v 8, v011091B0_0, 32;
    %load/v 40, v01109418_0, 32;
    %cmp/u 8, 40, 32;
    %mov 8, 5, 1;
    %jmp/0  T_6.103, 8;
    %movi 9, 1, 32;
    %jmp/1  T_6.105, 8;
T_6.103 ; End of true expr.
    %jmp/0  T_6.104, 8;
 ; End of false expr.
    %blend  9, 0, 32; Condition unknown.
    %jmp  T_6.105;
T_6.104 ;
    %mov 9, 0, 32; Return false value
T_6.105 ;
    %set/v v01109100_0, 9, 32;
T_6.101 ;
    %load/v 8, v01109100_0, 32;
    %cmpi/u 8, 0, 32;
    %mov 8, 4, 1;
    %jmp/0  T_6.106, 8;
    %mov 9, 1, 1;
    %jmp/1  T_6.108, 8;
T_6.106 ; End of true expr.
    %jmp/0  T_6.107, 8;
 ; End of false expr.
    %blend  9, 0, 1; Condition unknown.
    %jmp  T_6.108;
T_6.107 ;
    %mov 9, 0, 1; Return false value
T_6.108 ;
    %set/v v01108C88_0, 9, 1;
    %jmp T_6;
    .thread T_6, $push;
    .scope S_01107378;
T_7 ;
    %set/v v01147650_0, 0, 16;
    %end;
    .thread T_7;
    .scope S_01107378;
T_8 ;
    %wait E_01105040;
    %load/v 8, v01146FC8_0, 32;
    %set/v v01147650_0, 8, 16;
    %jmp T_8;
    .thread T_8;
    .scope S_011079D8;
T_9 ;
    %set/v v01146F70_0, 0, 1;
    %end;
    .thread T_9;
    .scope S_011079D8;
T_10 ;
T_10.0 ;
    %delay 10, 0;
    %load/v 8, v01146F70_0, 1;
    %inv 8, 1;
    %set/v v01146F70_0, 8, 1;
    %jmp T_10.0;
    %end;
    .thread T_10;
    .scope S_011079D8;
T_11 ;
    %delay 60000, 0;
    %vpi_call 2 20 "$finish";
    %vpi_call 2 21 "$dumpfile", "main_tb.vcd";
    %vpi_call 2 22 "$dumpvars", 1'sb0, S_011079D8;
    %end;
    .thread T_11;
# The file index is used to find the file name in the following table.
:file_names 12;
    "N/A";
    "<interactive>";
    ".\main_tb.v";
    "./main.v";
    "./instruction_mem.v";
    "./instruction_splitter.v";
    "./register.v";
    "./control_unit.v";
    "./adder.v";
    "./data_mem.v";
    "./alu.v";
    "./mux.v";
