#! /c/Source/iverilog-install/bin/vvp
:ivl_version "12.0 (devel)" "(s20150603-1539-g2693dd32b)";
:ivl_delay_selection "TYPICAL";
:vpi_time_precision + 0;
:vpi_module "C:\iverilog\lib\ivl\system.vpi";
:vpi_module "C:\iverilog\lib\ivl\vhdl_sys.vpi";
:vpi_module "C:\iverilog\lib\ivl\vhdl_textio.vpi";
:vpi_module "C:\iverilog\lib\ivl\v2005_math.vpi";
:vpi_module "C:\iverilog\lib\ivl\va_math.vpi";
S_000001b3d761c170 .scope module, "tb" "tb" 2 3;
 .timescale 0 0;
v000001b3d7792500_0 .var "clk", 0 0;
v000001b3d7791420_0 .net "instruction", 31 0, L_000001b3d77921e0;  1 drivers
v000001b3d7791740_0 .net "pc", 15 0, v000001b3d77911a0_0;  1 drivers
S_000001b3d761c300 .scope module, "uut" "main" 2 8, 3 10 0, S_000001b3d761c170;
 .timescale 0 0;
    .port_info 0 /INPUT 1 "clk";
    .port_info 1 /OUTPUT 16 "pc";
    .port_info 2 /OUTPUT 32 "instruction";
L_000001b3d77f05d0 .functor AND 1, L_000001b3d7793c20, L_000001b3d77f2160, C4<1>, C4<1>;
L_000001b3d7795c08 .functor BUFT 1, C4<0000000000000000>, C4<0>, C4<0>, C4<0>;
v000001b3d778f720_0 .net/2u *"_ivl_2", 15 0, L_000001b3d7795c08;  1 drivers
v000001b3d778e140_0 .net "alu_to_control", 31 0, L_000001b3d77f0aa0;  1 drivers
v000001b3d778e3c0_0 .net "alu_zero", 0 0, L_000001b3d77f2160;  1 drivers
v000001b3d778e460_0 .net "branch_mux_result", 31 0, L_000001b3d77f3060;  1 drivers
v000001b3d778e500_0 .net "branch_mux_select", 0 0, L_000001b3d77f05d0;  1 drivers
v000001b3d778e5a0_0 .net "clk", 0 0, v000001b3d7792500_0;  1 drivers
v000001b3d7792820_0 .net "control_branch_flag", 0 0, L_000001b3d7793c20;  1 drivers
v000001b3d7790160_0 .net "control_pc_offset", 31 0, L_000001b3d7793f40;  1 drivers
v000001b3d77919c0_0 .net "control_to_adder_base", 31 0, L_000001b3d77934a0;  1 drivers
v000001b3d7791d80_0 .net "control_to_adder_offset", 31 0, L_000001b3d7793b80;  1 drivers
v000001b3d7791ce0_0 .net "control_to_alu1", 31 0, L_000001b3d765dcb0;  1 drivers
v000001b3d77902a0_0 .net "control_to_alu2", 31 0, L_000001b3d7792280;  1 drivers
v000001b3d7791a60_0 .net "control_to_data_mem_data", 31 0, L_000001b3d765de70;  1 drivers
v000001b3d7790de0_0 .net "d1", 31 0, L_000001b3d765e110;  1 drivers
v000001b3d77925a0_0 .net "d2", 31 0, L_000001b3d765d5b0;  1 drivers
v000001b3d7791560_0 .net "data_mem_adder_output", 31 0, L_000001b3d77f3ba0;  1 drivers
v000001b3d77923c0_0 .net "data_mem_to_control_data", 31 0, L_000001b3d77f3d80;  1 drivers
v000001b3d7790340_0 .net "data_mem_write_enable", 0 0, L_000001b3d77f4000;  1 drivers
v000001b3d7791380_0 .net "if_branch_result", 31 0, L_000001b3d77f1c60;  1 drivers
v000001b3d7791060_0 .net "if_not_branch_result", 31 0, L_000001b3d77f34c0;  1 drivers
v000001b3d7790700_0 .net "instruction", 31 0, L_000001b3d77921e0;  alias, 1 drivers
L_000001b3d7795bc0 .functor BUFT 1, C4<00000000000000000000000000000001>, C4<0>, C4<0>, C4<0>;
v000001b3d7791e20_0 .net "one", 31 0, L_000001b3d7795bc0;  1 drivers
v000001b3d77911a0_0 .var "pc", 15 0;
v000001b3d7791100_0 .net "pc_32_bit", 31 0, L_000001b3d77f3100;  1 drivers
v000001b3d7790840_0 .net "r_dest", 4 0, L_000001b3d77912e0;  1 drivers
v000001b3d7791b00_0 .net "rs1", 4 0, L_000001b3d7790fc0;  1 drivers
v000001b3d77900c0_0 .net "rs2", 4 0, L_000001b3d7792640;  1 drivers
v000001b3d7790e80_0 .net "write_data", 31 0, L_000001b3d7793900;  1 drivers
v000001b3d7791ba0_0 .net "write_enable", 0 0, L_000001b3d77f3f60;  1 drivers
E_000001b3d765bf60 .event posedge, v000001b3d778e5a0_0;
L_000001b3d77f3100 .concat [ 16 16 0 0], v000001b3d77911a0_0, L_000001b3d7795c08;
S_000001b3d75f5600 .scope module, "uut1" "instruction_memory" 3 45, 4 1 0, S_000001b3d761c300;
 .timescale 0 0;
    .port_info 0 /INPUT 16 "address";
    .port_info 1 /OUTPUT 32 "instruction";
v000001b3d7665590_0 .net *"_ivl_0", 31 0, L_000001b3d7792140;  1 drivers
v000001b3d7664550_0 .net *"_ivl_10", 17 0, L_000001b3d7791ec0;  1 drivers
L_000001b3d7794108 .functor BUFT 1, C4<00>, C4<0>, C4<0>, C4<0>;
v000001b3d7665630_0 .net *"_ivl_13", 1 0, L_000001b3d7794108;  1 drivers
L_000001b3d7794150 .functor BUFT 1, C4<00000000000000000000000000000000>, C4<0>, C4<0>, C4<0>;
v000001b3d76645f0_0 .net/2u *"_ivl_14", 31 0, L_000001b3d7794150;  1 drivers
L_000001b3d7794078 .functor BUFT 1, C4<0000000000000000>, C4<0>, C4<0>, C4<0>;
v000001b3d7665810_0 .net *"_ivl_3", 15 0, L_000001b3d7794078;  1 drivers
L_000001b3d77940c0 .functor BUFT 1, C4<00000000000000001111111111111111>, C4<0>, C4<0>, C4<0>;
v000001b3d7664f50_0 .net/2u *"_ivl_4", 31 0, L_000001b3d77940c0;  1 drivers
v000001b3d7664af0_0 .net *"_ivl_6", 0 0, L_000001b3d7791c40;  1 drivers
v000001b3d76656d0_0 .net *"_ivl_8", 31 0, L_000001b3d7792460;  1 drivers
v000001b3d7664c30_0 .net "address", 15 0, v000001b3d77911a0_0;  alias, 1 drivers
v000001b3d7665c70_0 .net "instruction", 31 0, L_000001b3d77921e0;  alias, 1 drivers
v000001b3d7664ff0 .array "mem", 0 65535, 31 0;
L_000001b3d7792140 .concat [ 16 16 0 0], v000001b3d77911a0_0, L_000001b3d7794078;
L_000001b3d7791c40 .cmp/ge 32, L_000001b3d77940c0, L_000001b3d7792140;
L_000001b3d7792460 .array/port v000001b3d7664ff0, L_000001b3d7791ec0;
L_000001b3d7791ec0 .concat [ 16 2 0 0], v000001b3d77911a0_0, L_000001b3d7794108;
L_000001b3d77921e0 .functor MUXZ 32, L_000001b3d7794150, L_000001b3d7792460, L_000001b3d7791c40, C4<>;
S_000001b3d75f5790 .scope module, "uut10_not_jump" "adder" 3 68, 5 1 0, S_000001b3d761c300;
 .timescale 0 0;
    .port_info 0 /INPUT 32 "input_1";
    .port_info 1 /INPUT 32 "input_2";
    .port_info 2 /OUTPUT 32 "output_value";
P_000001b3d765bae0 .param/l "N" 0 5 3, +C4<00000000000000000000000000100000>;
v000001b3d7665d10_0 .net "input_1", 31 0, L_000001b3d7795bc0;  alias, 1 drivers
v000001b3d7665a90_0 .net "input_2", 31 0, L_000001b3d77f3100;  alias, 1 drivers
v000001b3d7665bd0_0 .net "output_value", 31 0, L_000001b3d77f34c0;  alias, 1 drivers
L_000001b3d77f34c0 .arith/sum 32, L_000001b3d7795bc0, L_000001b3d77f3100;
S_000001b3d7610760 .scope module, "uut11" "mux" 3 70, 6 1 0, S_000001b3d761c300;
 .timescale 0 0;
    .port_info 0 /INPUT 32 "input_1";
    .port_info 1 /INPUT 32 "input_2";
    .port_info 2 /INPUT 1 "select";
    .port_info 3 /OUTPUT 32 "output_value";
P_000001b3d765b560 .param/l "N" 0 6 3, +C4<00000000000000000000000000100000>;
v000001b3d7664410_0 .net "input_1", 31 0, L_000001b3d77f34c0;  alias, 1 drivers
v000001b3d7665090_0 .net "input_2", 31 0, L_000001b3d7793f40;  alias, 1 drivers
v000001b3d7665b30_0 .net "output_value", 31 0, L_000001b3d77f3060;  alias, 1 drivers
v000001b3d7665db0_0 .net "select", 0 0, L_000001b3d77f05d0;  alias, 1 drivers
L_000001b3d77f3060 .functor MUXZ 32, L_000001b3d77f34c0, L_000001b3d7793f40, L_000001b3d77f05d0, C4<>;
S_000001b3d76108f0 .scope module, "uut2" "instruction_split" 3 47, 7 1 0, S_000001b3d761c300;
 .timescale 0 0;
    .port_info 0 /INPUT 32 "instruction";
    .port_info 1 /OUTPUT 5 "rs1";
    .port_info 2 /OUTPUT 5 "rs2";
    .port_info 3 /OUTPUT 5 "rd";
v000001b3d7665130_0 .net "instruction", 31 0, L_000001b3d77921e0;  alias, 1 drivers
v000001b3d7665e50_0 .net "rd", 4 0, L_000001b3d77912e0;  alias, 1 drivers
v000001b3d76653b0_0 .net "rs1", 4 0, L_000001b3d7790fc0;  alias, 1 drivers
v000001b3d7664730_0 .net "rs2", 4 0, L_000001b3d7792640;  alias, 1 drivers
L_000001b3d77912e0 .part L_000001b3d77921e0, 21, 5;
L_000001b3d7790fc0 .part L_000001b3d77921e0, 16, 5;
L_000001b3d7792640 .part L_000001b3d77921e0, 11, 5;
S_000001b3d760dab0 .scope module, "uut3" "register" 3 49, 8 1 0, S_000001b3d761c300;
 .timescale 0 0;
    .port_info 0 /INPUT 5 "read_address1";
    .port_info 1 /INPUT 5 "read_address2";
    .port_info 2 /INPUT 5 "write_address";
    .port_info 3 /INPUT 1 "write_enable";
    .port_info 4 /INPUT 32 "data_in";
    .port_info 5 /OUTPUT 32 "data_out1";
    .port_info 6 /OUTPUT 32 "data_out2";
    .port_info 7 /INPUT 16 "pc";
L_000001b3d765e110 .functor BUFZ 32, L_000001b3d7790200, C4<00000000000000000000000000000000>, C4<00000000000000000000000000000000>, C4<00000000000000000000000000000000>;
L_000001b3d765d5b0 .functor BUFZ 32, L_000001b3d7790480, C4<00000000000000000000000000000000>, C4<00000000000000000000000000000000>, C4<00000000000000000000000000000000>;
v000001b3d76651d0_0 .net *"_ivl_0", 31 0, L_000001b3d7790200;  1 drivers
v000001b3d76647d0_0 .net *"_ivl_10", 6 0, L_000001b3d77926e0;  1 drivers
L_000001b3d77941e0 .functor BUFT 1, C4<00>, C4<0>, C4<0>, C4<0>;
v000001b3d76660d0_0 .net *"_ivl_13", 1 0, L_000001b3d77941e0;  1 drivers
v000001b3d7666170_0 .net *"_ivl_2", 6 0, L_000001b3d77903e0;  1 drivers
L_000001b3d7794198 .functor BUFT 1, C4<00>, C4<0>, C4<0>, C4<0>;
v000001b3d76492b0_0 .net *"_ivl_5", 1 0, L_000001b3d7794198;  1 drivers
v000001b3d77866a0_0 .net *"_ivl_8", 31 0, L_000001b3d7790480;  1 drivers
v000001b3d7786060_0 .net "data_in", 31 0, L_000001b3d7793900;  alias, 1 drivers
v000001b3d7786b00_0 .net "data_out1", 31 0, L_000001b3d765e110;  alias, 1 drivers
v000001b3d7787320_0 .net "data_out2", 31 0, L_000001b3d765d5b0;  alias, 1 drivers
v000001b3d77876e0_0 .var/i "i", 31 0;
v000001b3d7786ba0 .array "mem", 0 31, 31 0;
v000001b3d7787280_0 .net "pc", 15 0, v000001b3d77911a0_0;  alias, 1 drivers
v000001b3d7786420_0 .net "read_address1", 4 0, L_000001b3d7790fc0;  alias, 1 drivers
v000001b3d7786c40_0 .net "read_address2", 4 0, L_000001b3d7792640;  alias, 1 drivers
v000001b3d7787500_0 .net "write_address", 4 0, L_000001b3d77912e0;  alias, 1 drivers
v000001b3d7786740_0 .net "write_enable", 0 0, L_000001b3d77f3f60;  alias, 1 drivers
E_000001b3d765b2e0 .event anyedge, v000001b3d7664c30_0;
L_000001b3d7790200 .array/port v000001b3d7786ba0, L_000001b3d77903e0;
L_000001b3d77903e0 .concat [ 5 2 0 0], L_000001b3d7790fc0, L_000001b3d7794198;
L_000001b3d7790480 .array/port v000001b3d7786ba0, L_000001b3d77926e0;
L_000001b3d77926e0 .concat [ 5 2 0 0], L_000001b3d7792640, L_000001b3d77941e0;
S_000001b3d760dc40 .scope module, "uut4" "control_unit" 3 51, 9 1 0, S_000001b3d761c300;
 .timescale 0 0;
    .port_info 0 /INPUT 32 "instruction";
    .port_info 1 /INPUT 32 "regin1";
    .port_info 2 /INPUT 32 "regin2";
    .port_info 3 /OUTPUT 32 "regout";
    .port_info 4 /OUTPUT 1 "write_enable";
    .port_info 5 /OUTPUT 32 "aluout1";
    .port_info 6 /OUTPUT 32 "aluout2";
    .port_info 7 /INPUT 32 "aluin";
    .port_info 8 /OUTPUT 1 "branch";
    .port_info 9 /OUTPUT 32 "offset";
    .port_info 10 /OUTPUT 1 "data_mem_write_enable";
    .port_info 11 /OUTPUT 32 "data_mem_base_address";
    .port_info 12 /OUTPUT 32 "data_mem_offset";
    .port_info 13 /INPUT 32 "data_mem_read_data";
    .port_info 14 /OUTPUT 32 "data_mem_write_data";
L_000001b3d765dcb0 .functor BUFZ 32, L_000001b3d765e110, C4<00000000000000000000000000000000>, C4<00000000000000000000000000000000>, C4<00000000000000000000000000000000>;
L_000001b3d765d620 .functor OR 1, L_000001b3d7791f60, L_000001b3d7792000, C4<0>, C4<0>;
L_000001b3d765d8c0 .functor OR 1, L_000001b3d765d620, L_000001b3d7791240, C4<0>, C4<0>;
L_000001b3d765d9a0 .functor OR 1, L_000001b3d765d8c0, L_000001b3d77905c0, C4<0>, C4<0>;
L_000001b3d765da10 .functor OR 1, L_000001b3d765d9a0, L_000001b3d7790980, C4<0>, C4<0>;
L_000001b3d765d930 .functor OR 1, L_000001b3d765da10, L_000001b3d7790ac0, C4<0>, C4<0>;
L_000001b3d765df50 .functor OR 1, L_000001b3d765d930, L_000001b3d77920a0, C4<0>, C4<0>;
L_000001b3d765dd90 .functor OR 1, L_000001b3d7790ca0, L_000001b3d7790d40, C4<0>, C4<0>;
L_000001b3d765de70 .functor BUFZ 32, L_000001b3d765e110, C4<00000000000000000000000000000000>, C4<00000000000000000000000000000000>, C4<00000000000000000000000000000000>;
L_000001b3d76443a0 .functor OR 1, L_000001b3d7792960, L_000001b3d7793a40, C4<0>, C4<0>;
L_000001b3d7643a00 .functor OR 1, L_000001b3d76443a0, L_000001b3d7792a00, C4<0>, C4<0>;
L_000001b3d77f0f70 .functor OR 1, L_000001b3d7643a00, L_000001b3d7792c80, C4<0>, C4<0>;
L_000001b3d77f0b10 .functor OR 1, L_000001b3d77f0f70, L_000001b3d7793040, C4<0>, C4<0>;
L_000001b3d77f03a0 .functor OR 1, L_000001b3d77f0b10, L_000001b3d7793680, C4<0>, C4<0>;
L_000001b3d77f04f0 .functor OR 1, L_000001b3d77f03a0, L_000001b3d7792dc0, C4<0>, C4<0>;
L_000001b3d77f0fe0 .functor OR 1, L_000001b3d77f04f0, L_000001b3d7793220, C4<0>, C4<0>;
L_000001b3d77f0330 .functor OR 1, L_000001b3d77f0fe0, L_000001b3d7793400, C4<0>, C4<0>;
L_000001b3d77f0170 .functor OR 1, L_000001b3d77f39c0, L_000001b3d77f43c0, C4<0>, C4<0>;
L_000001b3d77f0410 .functor OR 1, L_000001b3d77f0170, L_000001b3d77f4460, C4<0>, C4<0>;
L_000001b3d77f0a30 .functor OR 1, L_000001b3d77f0410, L_000001b3d77f3e20, C4<0>, C4<0>;
L_000001b3d77f0cd0 .functor OR 1, L_000001b3d77f0a30, L_000001b3d77f4a00, C4<0>, C4<0>;
L_000001b3d77f0870 .functor OR 1, L_000001b3d77f0cd0, L_000001b3d77f3c40, C4<0>, C4<0>;
L_000001b3d77f01e0 .functor OR 1, L_000001b3d77f0870, L_000001b3d77f3b00, C4<0>, C4<0>;
v000001b3d7787820_0 .net *"_ivl_10", 0 0, L_000001b3d7791f60;  1 drivers
v000001b3d77875a0_0 .net *"_ivl_100", 31 0, L_000001b3d7791880;  1 drivers
L_000001b3d7794780 .functor BUFT 1, C4<00000000000>, C4<0>, C4<0>, C4<0>;
v000001b3d7786380_0 .net *"_ivl_103", 10 0, L_000001b3d7794780;  1 drivers
v000001b3d7787000_0 .net *"_ivl_104", 31 0, L_000001b3d77914c0;  1 drivers
L_000001b3d77947c8 .functor BUFT 1, C4<00000000000000000000000000>, C4<0>, C4<0>, C4<0>;
v000001b3d7786ec0_0 .net *"_ivl_107", 25 0, L_000001b3d77947c8;  1 drivers
L_000001b3d7794810 .functor BUFT 1, C4<00000000000000000000000000010101>, C4<0>, C4<0>, C4<0>;
v000001b3d7786100_0 .net/2u *"_ivl_108", 31 0, L_000001b3d7794810;  1 drivers
v000001b3d7786240_0 .net *"_ivl_110", 0 0, L_000001b3d77916a0;  1 drivers
v000001b3d77864c0_0 .net *"_ivl_113", 10 0, L_000001b3d7792be0;  1 drivers
v000001b3d77862e0_0 .net *"_ivl_114", 31 0, L_000001b3d7793720;  1 drivers
L_000001b3d7794858 .functor BUFT 1, C4<000000000000000000000>, C4<0>, C4<0>, C4<0>;
v000001b3d77870a0_0 .net *"_ivl_117", 20 0, L_000001b3d7794858;  1 drivers
v000001b3d7787780_0 .net *"_ivl_118", 31 0, L_000001b3d7793d60;  1 drivers
v000001b3d7787aa0_0 .net *"_ivl_12", 31 0, L_000001b3d7792780;  1 drivers
v000001b3d77869c0_0 .net *"_ivl_122", 31 0, L_000001b3d7793cc0;  1 drivers
L_000001b3d77948a0 .functor BUFT 1, C4<00000000000000000000000000>, C4<0>, C4<0>, C4<0>;
v000001b3d77861a0_0 .net *"_ivl_125", 25 0, L_000001b3d77948a0;  1 drivers
L_000001b3d77948e8 .functor BUFT 1, C4<00000000000000000000000000001100>, C4<0>, C4<0>, C4<0>;
v000001b3d77867e0_0 .net/2u *"_ivl_126", 31 0, L_000001b3d77948e8;  1 drivers
v000001b3d7786880_0 .net *"_ivl_128", 0 0, L_000001b3d7793860;  1 drivers
v000001b3d7786f60_0 .net *"_ivl_132", 31 0, L_000001b3d7792fa0;  1 drivers
L_000001b3d7794930 .functor BUFT 1, C4<00000000000000000000000000>, C4<0>, C4<0>, C4<0>;
v000001b3d7786e20_0 .net *"_ivl_135", 25 0, L_000001b3d7794930;  1 drivers
L_000001b3d7794978 .functor BUFT 1, C4<00000000000000000000000000001100>, C4<0>, C4<0>, C4<0>;
v000001b3d7787b40_0 .net/2u *"_ivl_136", 31 0, L_000001b3d7794978;  1 drivers
v000001b3d7787140_0 .net *"_ivl_138", 0 0, L_000001b3d77937c0;  1 drivers
v000001b3d7787640_0 .net *"_ivl_144", 31 0, L_000001b3d7792d20;  1 drivers
L_000001b3d77949c0 .functor BUFT 1, C4<00000000000000000000000000>, C4<0>, C4<0>, C4<0>;
v000001b3d77878c0_0 .net *"_ivl_147", 25 0, L_000001b3d77949c0;  1 drivers
L_000001b3d7794a08 .functor BUFT 1, C4<00000000000000000000000000001100>, C4<0>, C4<0>, C4<0>;
v000001b3d7787c80_0 .net/2u *"_ivl_148", 31 0, L_000001b3d7794a08;  1 drivers
L_000001b3d77942b8 .functor BUFT 1, C4<00000000000000000000000000>, C4<0>, C4<0>, C4<0>;
v000001b3d7786920_0 .net *"_ivl_15", 25 0, L_000001b3d77942b8;  1 drivers
v000001b3d7786560_0 .net *"_ivl_150", 0 0, L_000001b3d77930e0;  1 drivers
v000001b3d7786600_0 .net *"_ivl_153", 15 0, L_000001b3d7793e00;  1 drivers
v000001b3d7786a60_0 .net *"_ivl_154", 31 0, L_000001b3d7792e60;  1 drivers
L_000001b3d7794a50 .functor BUFT 1, C4<0000000000000000>, C4<0>, C4<0>, C4<0>;
v000001b3d7786ce0_0 .net *"_ivl_157", 15 0, L_000001b3d7794a50;  1 drivers
v000001b3d7787a00_0 .net *"_ivl_159", 10 0, L_000001b3d7793ea0;  1 drivers
L_000001b3d7794300 .functor BUFT 1, C4<00000000000000000000000000000101>, C4<0>, C4<0>, C4<0>;
v000001b3d7787960_0 .net/2u *"_ivl_16", 31 0, L_000001b3d7794300;  1 drivers
v000001b3d77871e0_0 .net *"_ivl_160", 31 0, L_000001b3d7793360;  1 drivers
L_000001b3d7794a98 .functor BUFT 1, C4<000000000000000000000>, C4<0>, C4<0>, C4<0>;
v000001b3d7787460_0 .net *"_ivl_163", 20 0, L_000001b3d7794a98;  1 drivers
v000001b3d7786d80_0 .net *"_ivl_166", 31 0, L_000001b3d77928c0;  1 drivers
L_000001b3d7794ae0 .functor BUFT 1, C4<00000000000000000000000000>, C4<0>, C4<0>, C4<0>;
v000001b3d77873c0_0 .net *"_ivl_169", 25 0, L_000001b3d7794ae0;  1 drivers
L_000001b3d7794b28 .functor BUFT 1, C4<00000000000000000000000000001110>, C4<0>, C4<0>, C4<0>;
v000001b3d7787be0_0 .net/2u *"_ivl_170", 31 0, L_000001b3d7794b28;  1 drivers
v000001b3d7787d20_0 .net *"_ivl_172", 0 0, L_000001b3d7792960;  1 drivers
v000001b3d7787dc0_0 .net *"_ivl_174", 31 0, L_000001b3d7792f00;  1 drivers
L_000001b3d7794b70 .functor BUFT 1, C4<00000000000000000000000000>, C4<0>, C4<0>, C4<0>;
v000001b3d7787e60_0 .net *"_ivl_177", 25 0, L_000001b3d7794b70;  1 drivers
L_000001b3d7794bb8 .functor BUFT 1, C4<00000000000000000000000000001111>, C4<0>, C4<0>, C4<0>;
v000001b3d7787f00_0 .net/2u *"_ivl_178", 31 0, L_000001b3d7794bb8;  1 drivers
v000001b3d7788250_0 .net *"_ivl_18", 0 0, L_000001b3d7792000;  1 drivers
v000001b3d77889d0_0 .net *"_ivl_180", 0 0, L_000001b3d7793a40;  1 drivers
v000001b3d77898d0_0 .net *"_ivl_183", 0 0, L_000001b3d76443a0;  1 drivers
v000001b3d7788930_0 .net *"_ivl_184", 31 0, L_000001b3d77935e0;  1 drivers
L_000001b3d7794c00 .functor BUFT 1, C4<00000000000000000000000000>, C4<0>, C4<0>, C4<0>;
v000001b3d7789e70_0 .net *"_ivl_187", 25 0, L_000001b3d7794c00;  1 drivers
L_000001b3d7794c48 .functor BUFT 1, C4<00000000000000000000000000010000>, C4<0>, C4<0>, C4<0>;
v000001b3d7789a10_0 .net/2u *"_ivl_188", 31 0, L_000001b3d7794c48;  1 drivers
v000001b3d7788f70_0 .net *"_ivl_190", 0 0, L_000001b3d7792a00;  1 drivers
v000001b3d7789f10_0 .net *"_ivl_193", 0 0, L_000001b3d7643a00;  1 drivers
v000001b3d7789ab0_0 .net *"_ivl_194", 31 0, L_000001b3d7792aa0;  1 drivers
L_000001b3d7794c90 .functor BUFT 1, C4<00000000000000000000000000>, C4<0>, C4<0>, C4<0>;
v000001b3d7788d90_0 .net *"_ivl_197", 25 0, L_000001b3d7794c90;  1 drivers
L_000001b3d7794cd8 .functor BUFT 1, C4<00000000000000000000000000010001>, C4<0>, C4<0>, C4<0>;
v000001b3d77887f0_0 .net/2u *"_ivl_198", 31 0, L_000001b3d7794cd8;  1 drivers
v000001b3d77890b0_0 .net *"_ivl_200", 0 0, L_000001b3d7792c80;  1 drivers
v000001b3d77881b0_0 .net *"_ivl_203", 0 0, L_000001b3d77f0f70;  1 drivers
v000001b3d7789c90_0 .net *"_ivl_204", 31 0, L_000001b3d7793540;  1 drivers
L_000001b3d7794d20 .functor BUFT 1, C4<00000000000000000000000000>, C4<0>, C4<0>, C4<0>;
v000001b3d7789650_0 .net *"_ivl_207", 25 0, L_000001b3d7794d20;  1 drivers
L_000001b3d7794d68 .functor BUFT 1, C4<00000000000000000000000000010010>, C4<0>, C4<0>, C4<0>;
v000001b3d7788cf0_0 .net/2u *"_ivl_208", 31 0, L_000001b3d7794d68;  1 drivers
v000001b3d7788390_0 .net *"_ivl_21", 0 0, L_000001b3d765d620;  1 drivers
v000001b3d7789d30_0 .net *"_ivl_210", 0 0, L_000001b3d7793040;  1 drivers
v000001b3d7789330_0 .net *"_ivl_213", 0 0, L_000001b3d77f0b10;  1 drivers
v000001b3d7788070_0 .net *"_ivl_214", 31 0, L_000001b3d7792b40;  1 drivers
L_000001b3d7794db0 .functor BUFT 1, C4<00000000000000000000000000>, C4<0>, C4<0>, C4<0>;
v000001b3d77891f0_0 .net *"_ivl_217", 25 0, L_000001b3d7794db0;  1 drivers
L_000001b3d7794df8 .functor BUFT 1, C4<00000000000000000000000000010011>, C4<0>, C4<0>, C4<0>;
v000001b3d7789290_0 .net/2u *"_ivl_218", 31 0, L_000001b3d7794df8;  1 drivers
v000001b3d77895b0_0 .net *"_ivl_22", 31 0, L_000001b3d7790520;  1 drivers
v000001b3d7788610_0 .net *"_ivl_220", 0 0, L_000001b3d7793680;  1 drivers
v000001b3d7788a70_0 .net *"_ivl_223", 0 0, L_000001b3d77f03a0;  1 drivers
v000001b3d7789dd0_0 .net *"_ivl_224", 31 0, L_000001b3d77939a0;  1 drivers
L_000001b3d7794e40 .functor BUFT 1, C4<00000000000000000000000000>, C4<0>, C4<0>, C4<0>;
v000001b3d7789150_0 .net *"_ivl_227", 25 0, L_000001b3d7794e40;  1 drivers
L_000001b3d7794e88 .functor BUFT 1, C4<00000000000000000000000000010100>, C4<0>, C4<0>, C4<0>;
v000001b3d77886b0_0 .net/2u *"_ivl_228", 31 0, L_000001b3d7794e88;  1 drivers
v000001b3d77882f0_0 .net *"_ivl_230", 0 0, L_000001b3d7792dc0;  1 drivers
v000001b3d7789010_0 .net *"_ivl_233", 0 0, L_000001b3d77f04f0;  1 drivers
v000001b3d7788b10_0 .net *"_ivl_234", 31 0, L_000001b3d7793180;  1 drivers
L_000001b3d7794ed0 .functor BUFT 1, C4<00000000000000000000000000>, C4<0>, C4<0>, C4<0>;
v000001b3d7788570_0 .net *"_ivl_237", 25 0, L_000001b3d7794ed0;  1 drivers
L_000001b3d7794f18 .functor BUFT 1, C4<00000000000000000000000000010101>, C4<0>, C4<0>, C4<0>;
v000001b3d77896f0_0 .net/2u *"_ivl_238", 31 0, L_000001b3d7794f18;  1 drivers
v000001b3d7788e30_0 .net *"_ivl_240", 0 0, L_000001b3d7793220;  1 drivers
v000001b3d7788ed0_0 .net *"_ivl_243", 0 0, L_000001b3d77f0fe0;  1 drivers
v000001b3d7789970_0 .net *"_ivl_244", 31 0, L_000001b3d77932c0;  1 drivers
L_000001b3d7794f60 .functor BUFT 1, C4<00000000000000000000000000>, C4<0>, C4<0>, C4<0>;
v000001b3d7788430_0 .net *"_ivl_247", 25 0, L_000001b3d7794f60;  1 drivers
L_000001b3d7794fa8 .functor BUFT 1, C4<00000000000000000000000000010110>, C4<0>, C4<0>, C4<0>;
v000001b3d7788750_0 .net/2u *"_ivl_248", 31 0, L_000001b3d7794fa8;  1 drivers
L_000001b3d7794348 .functor BUFT 1, C4<00000000000000000000000000>, C4<0>, C4<0>, C4<0>;
v000001b3d7788110_0 .net *"_ivl_25", 25 0, L_000001b3d7794348;  1 drivers
v000001b3d77893d0_0 .net *"_ivl_250", 0 0, L_000001b3d7793400;  1 drivers
v000001b3d7788890_0 .net *"_ivl_253", 0 0, L_000001b3d77f0330;  1 drivers
L_000001b3d7794ff0 .functor BUFT 1, C4<01>, C4<0>, C4<0>, C4<0>;
v000001b3d7789470_0 .net/2s *"_ivl_254", 1 0, L_000001b3d7794ff0;  1 drivers
L_000001b3d7795038 .functor BUFT 1, C4<00>, C4<0>, C4<0>, C4<0>;
v000001b3d77884d0_0 .net/2s *"_ivl_256", 1 0, L_000001b3d7795038;  1 drivers
v000001b3d7788bb0_0 .net *"_ivl_258", 1 0, L_000001b3d7793ae0;  1 drivers
L_000001b3d7794390 .functor BUFT 1, C4<00000000000000000000000000001000>, C4<0>, C4<0>, C4<0>;
v000001b3d7789790_0 .net/2u *"_ivl_26", 31 0, L_000001b3d7794390;  1 drivers
v000001b3d7789510_0 .net *"_ivl_262", 31 0, L_000001b3d77f3920;  1 drivers
L_000001b3d7795080 .functor BUFT 1, C4<00000000000000000000000000>, C4<0>, C4<0>, C4<0>;
v000001b3d7789b50_0 .net *"_ivl_265", 25 0, L_000001b3d7795080;  1 drivers
L_000001b3d77950c8 .functor BUFT 1, C4<00000000000000000000000000001101>, C4<0>, C4<0>, C4<0>;
v000001b3d7789830_0 .net/2u *"_ivl_266", 31 0, L_000001b3d77950c8;  1 drivers
v000001b3d7789bf0_0 .net *"_ivl_268", 0 0, L_000001b3d77f39c0;  1 drivers
v000001b3d7788c50_0 .net *"_ivl_270", 31 0, L_000001b3d77f4be0;  1 drivers
L_000001b3d7795110 .functor BUFT 1, C4<00000000000000000000000000>, C4<0>, C4<0>, C4<0>;
v000001b3d778bb60_0 .net *"_ivl_273", 25 0, L_000001b3d7795110;  1 drivers
L_000001b3d7795158 .functor BUFT 1, C4<00000000000000000000000000001110>, C4<0>, C4<0>, C4<0>;
v000001b3d778a440_0 .net/2u *"_ivl_274", 31 0, L_000001b3d7795158;  1 drivers
v000001b3d778b840_0 .net *"_ivl_276", 0 0, L_000001b3d77f43c0;  1 drivers
v000001b3d778a9e0_0 .net *"_ivl_279", 0 0, L_000001b3d77f0170;  1 drivers
v000001b3d778a300_0 .net *"_ivl_28", 0 0, L_000001b3d7791240;  1 drivers
v000001b3d778b480_0 .net *"_ivl_280", 31 0, L_000001b3d77f4fa0;  1 drivers
L_000001b3d77951a0 .functor BUFT 1, C4<00000000000000000000000000>, C4<0>, C4<0>, C4<0>;
v000001b3d778b0c0_0 .net *"_ivl_283", 25 0, L_000001b3d77951a0;  1 drivers
L_000001b3d77951e8 .functor BUFT 1, C4<00000000000000000000000000001111>, C4<0>, C4<0>, C4<0>;
v000001b3d778bf20_0 .net/2u *"_ivl_284", 31 0, L_000001b3d77951e8;  1 drivers
v000001b3d778a800_0 .net *"_ivl_286", 0 0, L_000001b3d77f4460;  1 drivers
v000001b3d778b020_0 .net *"_ivl_289", 0 0, L_000001b3d77f0410;  1 drivers
v000001b3d778b700_0 .net *"_ivl_290", 31 0, L_000001b3d77f4640;  1 drivers
L_000001b3d7795230 .functor BUFT 1, C4<00000000000000000000000000>, C4<0>, C4<0>, C4<0>;
v000001b3d778ae40_0 .net *"_ivl_293", 25 0, L_000001b3d7795230;  1 drivers
L_000001b3d7795278 .functor BUFT 1, C4<00000000000000000000000000010000>, C4<0>, C4<0>, C4<0>;
v000001b3d778ada0_0 .net/2u *"_ivl_294", 31 0, L_000001b3d7795278;  1 drivers
v000001b3d778b200_0 .net *"_ivl_296", 0 0, L_000001b3d77f3e20;  1 drivers
v000001b3d778b3e0_0 .net *"_ivl_299", 0 0, L_000001b3d77f0a30;  1 drivers
v000001b3d778a1c0_0 .net *"_ivl_300", 31 0, L_000001b3d77f3ce0;  1 drivers
L_000001b3d77952c0 .functor BUFT 1, C4<00000000000000000000000000>, C4<0>, C4<0>, C4<0>;
v000001b3d778ad00_0 .net *"_ivl_303", 25 0, L_000001b3d77952c0;  1 drivers
L_000001b3d7795308 .functor BUFT 1, C4<00000000000000000000000000010001>, C4<0>, C4<0>, C4<0>;
v000001b3d778bc00_0 .net/2u *"_ivl_304", 31 0, L_000001b3d7795308;  1 drivers
v000001b3d778a260_0 .net *"_ivl_306", 0 0, L_000001b3d77f4a00;  1 drivers
v000001b3d778b520_0 .net *"_ivl_309", 0 0, L_000001b3d77f0cd0;  1 drivers
v000001b3d778a580_0 .net *"_ivl_31", 0 0, L_000001b3d765d8c0;  1 drivers
v000001b3d778aa80_0 .net *"_ivl_310", 31 0, L_000001b3d77f3a60;  1 drivers
L_000001b3d7795350 .functor BUFT 1, C4<00000000000000000000000000>, C4<0>, C4<0>, C4<0>;
v000001b3d778a620_0 .net *"_ivl_313", 25 0, L_000001b3d7795350;  1 drivers
L_000001b3d7795398 .functor BUFT 1, C4<00000000000000000000000000010010>, C4<0>, C4<0>, C4<0>;
v000001b3d778b160_0 .net/2u *"_ivl_314", 31 0, L_000001b3d7795398;  1 drivers
v000001b3d778a4e0_0 .net *"_ivl_316", 0 0, L_000001b3d77f3c40;  1 drivers
v000001b3d778a3a0_0 .net *"_ivl_319", 0 0, L_000001b3d77f0870;  1 drivers
v000001b3d778aee0_0 .net *"_ivl_32", 31 0, L_000001b3d77908e0;  1 drivers
v000001b3d778ac60_0 .net *"_ivl_320", 31 0, L_000001b3d77f3ec0;  1 drivers
L_000001b3d77953e0 .functor BUFT 1, C4<00000000000000000000000000>, C4<0>, C4<0>, C4<0>;
v000001b3d778b5c0_0 .net *"_ivl_323", 25 0, L_000001b3d77953e0;  1 drivers
L_000001b3d7795428 .functor BUFT 1, C4<00000000000000000000000000010011>, C4<0>, C4<0>, C4<0>;
v000001b3d778b2a0_0 .net/2u *"_ivl_324", 31 0, L_000001b3d7795428;  1 drivers
v000001b3d778a080_0 .net *"_ivl_326", 0 0, L_000001b3d77f3b00;  1 drivers
v000001b3d778b340_0 .net *"_ivl_329", 0 0, L_000001b3d77f01e0;  1 drivers
L_000001b3d7795470 .functor BUFT 1, C4<00>, C4<0>, C4<0>, C4<0>;
v000001b3d778a6c0_0 .net/2s *"_ivl_330", 1 0, L_000001b3d7795470;  1 drivers
L_000001b3d77954b8 .functor BUFT 1, C4<01>, C4<0>, C4<0>, C4<0>;
v000001b3d778b660_0 .net/2s *"_ivl_332", 1 0, L_000001b3d77954b8;  1 drivers
v000001b3d778a120_0 .net *"_ivl_334", 1 0, L_000001b3d77f48c0;  1 drivers
v000001b3d778b7a0_0 .net *"_ivl_338", 31 0, L_000001b3d77f4280;  1 drivers
L_000001b3d7795500 .functor BUFT 1, C4<00000000000000000000000000>, C4<0>, C4<0>, C4<0>;
v000001b3d778bca0_0 .net *"_ivl_341", 25 0, L_000001b3d7795500;  1 drivers
L_000001b3d7795548 .functor BUFT 1, C4<00000000000000000000000000001101>, C4<0>, C4<0>, C4<0>;
v000001b3d778b8e0_0 .net/2u *"_ivl_342", 31 0, L_000001b3d7795548;  1 drivers
v000001b3d778a760_0 .net *"_ivl_344", 0 0, L_000001b3d77f4780;  1 drivers
L_000001b3d7795590 .functor BUFT 1, C4<01>, C4<0>, C4<0>, C4<0>;
v000001b3d778b980_0 .net/2s *"_ivl_346", 1 0, L_000001b3d7795590;  1 drivers
L_000001b3d77955d8 .functor BUFT 1, C4<00>, C4<0>, C4<0>, C4<0>;
v000001b3d778a8a0_0 .net/2s *"_ivl_348", 1 0, L_000001b3d77955d8;  1 drivers
L_000001b3d77943d8 .functor BUFT 1, C4<00000000000000000000000000>, C4<0>, C4<0>, C4<0>;
v000001b3d778ba20_0 .net *"_ivl_35", 25 0, L_000001b3d77943d8;  1 drivers
v000001b3d778a940_0 .net *"_ivl_350", 1 0, L_000001b3d77f4dc0;  1 drivers
L_000001b3d7794420 .functor BUFT 1, C4<00000000000000000000000000001001>, C4<0>, C4<0>, C4<0>;
v000001b3d778ab20_0 .net/2u *"_ivl_36", 31 0, L_000001b3d7794420;  1 drivers
v000001b3d778abc0_0 .net *"_ivl_38", 0 0, L_000001b3d77905c0;  1 drivers
v000001b3d778af80_0 .net *"_ivl_4", 31 0, L_000001b3d77907a0;  1 drivers
v000001b3d778bac0_0 .net *"_ivl_41", 0 0, L_000001b3d765d9a0;  1 drivers
v000001b3d778bd40_0 .net *"_ivl_42", 31 0, L_000001b3d7790660;  1 drivers
L_000001b3d7794468 .functor BUFT 1, C4<00000000000000000000000000>, C4<0>, C4<0>, C4<0>;
v000001b3d778bde0_0 .net *"_ivl_45", 25 0, L_000001b3d7794468;  1 drivers
L_000001b3d77944b0 .functor BUFT 1, C4<00000000000000000000000000001010>, C4<0>, C4<0>, C4<0>;
v000001b3d778be80_0 .net/2u *"_ivl_46", 31 0, L_000001b3d77944b0;  1 drivers
v000001b3d778d0d0_0 .net *"_ivl_48", 0 0, L_000001b3d7790980;  1 drivers
v000001b3d778c590_0 .net *"_ivl_51", 0 0, L_000001b3d765da10;  1 drivers
v000001b3d778da30_0 .net *"_ivl_52", 31 0, L_000001b3d7790a20;  1 drivers
L_000001b3d77944f8 .functor BUFT 1, C4<00000000000000000000000000>, C4<0>, C4<0>, C4<0>;
v000001b3d778cf90_0 .net *"_ivl_55", 25 0, L_000001b3d77944f8;  1 drivers
L_000001b3d7794540 .functor BUFT 1, C4<00000000000000000000000000001011>, C4<0>, C4<0>, C4<0>;
v000001b3d778ce50_0 .net/2u *"_ivl_56", 31 0, L_000001b3d7794540;  1 drivers
v000001b3d778c950_0 .net *"_ivl_58", 0 0, L_000001b3d7790ac0;  1 drivers
v000001b3d778dd50_0 .net *"_ivl_61", 0 0, L_000001b3d765d930;  1 drivers
v000001b3d778c130_0 .net *"_ivl_62", 31 0, L_000001b3d7790b60;  1 drivers
L_000001b3d7794588 .functor BUFT 1, C4<00000000000000000000000000>, C4<0>, C4<0>, C4<0>;
v000001b3d778c810_0 .net *"_ivl_65", 25 0, L_000001b3d7794588;  1 drivers
L_000001b3d77945d0 .functor BUFT 1, C4<00000000000000000000000000011000>, C4<0>, C4<0>, C4<0>;
v000001b3d778db70_0 .net/2u *"_ivl_66", 31 0, L_000001b3d77945d0;  1 drivers
v000001b3d778d030_0 .net *"_ivl_68", 0 0, L_000001b3d77920a0;  1 drivers
L_000001b3d7794228 .functor BUFT 1, C4<00000000000000000000000000>, C4<0>, C4<0>, C4<0>;
v000001b3d778c4f0_0 .net *"_ivl_7", 25 0, L_000001b3d7794228;  1 drivers
v000001b3d778ddf0_0 .net *"_ivl_71", 0 0, L_000001b3d765df50;  1 drivers
v000001b3d778df30_0 .net *"_ivl_73", 15 0, L_000001b3d7790c00;  1 drivers
v000001b3d778c1d0_0 .net *"_ivl_74", 31 0, L_000001b3d7791920;  1 drivers
L_000001b3d7794618 .functor BUFT 1, C4<0000000000000000>, C4<0>, C4<0>, C4<0>;
v000001b3d778c9f0_0 .net *"_ivl_77", 15 0, L_000001b3d7794618;  1 drivers
L_000001b3d7794270 .functor BUFT 1, C4<00000000000000000000000000000100>, C4<0>, C4<0>, C4<0>;
v000001b3d778d710_0 .net/2u *"_ivl_8", 31 0, L_000001b3d7794270;  1 drivers
v000001b3d778c630_0 .net *"_ivl_80", 31 0, L_000001b3d7792320;  1 drivers
L_000001b3d7794660 .functor BUFT 1, C4<00000000000000000000000000>, C4<0>, C4<0>, C4<0>;
v000001b3d778c6d0_0 .net *"_ivl_83", 25 0, L_000001b3d7794660;  1 drivers
L_000001b3d77946a8 .functor BUFT 1, C4<00000000000000000000000000010100>, C4<0>, C4<0>, C4<0>;
v000001b3d778ca90_0 .net/2u *"_ivl_84", 31 0, L_000001b3d77946a8;  1 drivers
v000001b3d778dad0_0 .net *"_ivl_86", 0 0, L_000001b3d7790ca0;  1 drivers
v000001b3d778cb30_0 .net *"_ivl_88", 31 0, L_000001b3d7791600;  1 drivers
L_000001b3d77946f0 .functor BUFT 1, C4<00000000000000000000000000>, C4<0>, C4<0>, C4<0>;
v000001b3d778c770_0 .net *"_ivl_91", 25 0, L_000001b3d77946f0;  1 drivers
L_000001b3d7794738 .functor BUFT 1, C4<00000000000000000000000000010110>, C4<0>, C4<0>, C4<0>;
v000001b3d778d170_0 .net/2u *"_ivl_92", 31 0, L_000001b3d7794738;  1 drivers
v000001b3d778cef0_0 .net *"_ivl_94", 0 0, L_000001b3d7790d40;  1 drivers
v000001b3d778dc10_0 .net *"_ivl_97", 0 0, L_000001b3d765dd90;  1 drivers
v000001b3d778de90_0 .net *"_ivl_99", 20 0, L_000001b3d7790f20;  1 drivers
v000001b3d778d210_0 .net "aluin", 31 0, L_000001b3d77f0aa0;  alias, 1 drivers
v000001b3d778cbd0_0 .net "aluout1", 31 0, L_000001b3d765dcb0;  alias, 1 drivers
v000001b3d778c090_0 .net "aluout2", 31 0, L_000001b3d7792280;  alias, 1 drivers
v000001b3d778d670_0 .net "branch", 0 0, L_000001b3d7793c20;  alias, 1 drivers
v000001b3d778cc70_0 .net "data_mem_base_address", 31 0, L_000001b3d77934a0;  alias, 1 drivers
v000001b3d778c8b0_0 .net "data_mem_offset", 31 0, L_000001b3d7793b80;  alias, 1 drivers
v000001b3d778cd10_0 .net "data_mem_read_data", 31 0, L_000001b3d77f3d80;  alias, 1 drivers
v000001b3d778c270_0 .net "data_mem_write_data", 31 0, L_000001b3d765de70;  alias, 1 drivers
v000001b3d778d2b0_0 .net "data_mem_write_enable", 0 0, L_000001b3d77f4000;  alias, 1 drivers
v000001b3d778d350_0 .net "instruction", 31 0, L_000001b3d77921e0;  alias, 1 drivers
v000001b3d778c310_0 .net "offset", 31 0, L_000001b3d7793f40;  alias, 1 drivers
v000001b3d778d3f0_0 .net "regin1", 31 0, L_000001b3d765e110;  alias, 1 drivers
v000001b3d778cdb0_0 .net "regin2", 31 0, L_000001b3d765d5b0;  alias, 1 drivers
v000001b3d778d490_0 .net "regout", 31 0, L_000001b3d7793900;  alias, 1 drivers
v000001b3d778c3b0_0 .net "write_enable", 0 0, L_000001b3d77f3f60;  alias, 1 drivers
v000001b3d778d530_0 .net "x", 5 0, L_000001b3d77917e0;  1 drivers
L_000001b3d77917e0 .part L_000001b3d77921e0, 26, 6;
L_000001b3d77907a0 .concat [ 6 26 0 0], L_000001b3d77917e0, L_000001b3d7794228;
L_000001b3d7791f60 .cmp/eq 32, L_000001b3d77907a0, L_000001b3d7794270;
L_000001b3d7792780 .concat [ 6 26 0 0], L_000001b3d77917e0, L_000001b3d77942b8;
L_000001b3d7792000 .cmp/eq 32, L_000001b3d7792780, L_000001b3d7794300;
L_000001b3d7790520 .concat [ 6 26 0 0], L_000001b3d77917e0, L_000001b3d7794348;
L_000001b3d7791240 .cmp/eq 32, L_000001b3d7790520, L_000001b3d7794390;
L_000001b3d77908e0 .concat [ 6 26 0 0], L_000001b3d77917e0, L_000001b3d77943d8;
L_000001b3d77905c0 .cmp/eq 32, L_000001b3d77908e0, L_000001b3d7794420;
L_000001b3d7790660 .concat [ 6 26 0 0], L_000001b3d77917e0, L_000001b3d7794468;
L_000001b3d7790980 .cmp/eq 32, L_000001b3d7790660, L_000001b3d77944b0;
L_000001b3d7790a20 .concat [ 6 26 0 0], L_000001b3d77917e0, L_000001b3d77944f8;
L_000001b3d7790ac0 .cmp/eq 32, L_000001b3d7790a20, L_000001b3d7794540;
L_000001b3d7790b60 .concat [ 6 26 0 0], L_000001b3d77917e0, L_000001b3d7794588;
L_000001b3d77920a0 .cmp/eq 32, L_000001b3d7790b60, L_000001b3d77945d0;
L_000001b3d7790c00 .part L_000001b3d77921e0, 0, 16;
L_000001b3d7791920 .concat [ 16 16 0 0], L_000001b3d7790c00, L_000001b3d7794618;
L_000001b3d7792280 .functor MUXZ 32, L_000001b3d765d5b0, L_000001b3d7791920, L_000001b3d765df50, C4<>;
L_000001b3d7792320 .concat [ 6 26 0 0], L_000001b3d77917e0, L_000001b3d7794660;
L_000001b3d7790ca0 .cmp/eq 32, L_000001b3d7792320, L_000001b3d77946a8;
L_000001b3d7791600 .concat [ 6 26 0 0], L_000001b3d77917e0, L_000001b3d77946f0;
L_000001b3d7790d40 .cmp/eq 32, L_000001b3d7791600, L_000001b3d7794738;
L_000001b3d7790f20 .part L_000001b3d77921e0, 0, 21;
L_000001b3d7791880 .concat [ 21 11 0 0], L_000001b3d7790f20, L_000001b3d7794780;
L_000001b3d77914c0 .concat [ 6 26 0 0], L_000001b3d77917e0, L_000001b3d77947c8;
L_000001b3d77916a0 .cmp/eq 32, L_000001b3d77914c0, L_000001b3d7794810;
L_000001b3d7792be0 .part L_000001b3d77921e0, 0, 11;
L_000001b3d7793720 .concat [ 11 21 0 0], L_000001b3d7792be0, L_000001b3d7794858;
L_000001b3d7793d60 .functor MUXZ 32, L_000001b3d7793720, L_000001b3d765e110, L_000001b3d77916a0, C4<>;
L_000001b3d7793f40 .functor MUXZ 32, L_000001b3d7793d60, L_000001b3d7791880, L_000001b3d765dd90, C4<>;
L_000001b3d7793cc0 .concat [ 6 26 0 0], L_000001b3d77917e0, L_000001b3d77948a0;
L_000001b3d7793860 .cmp/eq 32, L_000001b3d7793cc0, L_000001b3d77948e8;
L_000001b3d7793900 .functor MUXZ 32, L_000001b3d77f0aa0, L_000001b3d77f3d80, L_000001b3d7793860, C4<>;
L_000001b3d7792fa0 .concat [ 6 26 0 0], L_000001b3d77917e0, L_000001b3d7794930;
L_000001b3d77937c0 .cmp/eq 32, L_000001b3d7792fa0, L_000001b3d7794978;
L_000001b3d77934a0 .functor MUXZ 32, L_000001b3d765d5b0, L_000001b3d765e110, L_000001b3d77937c0, C4<>;
L_000001b3d7792d20 .concat [ 6 26 0 0], L_000001b3d77917e0, L_000001b3d77949c0;
L_000001b3d77930e0 .cmp/eq 32, L_000001b3d7792d20, L_000001b3d7794a08;
L_000001b3d7793e00 .part L_000001b3d77921e0, 0, 16;
L_000001b3d7792e60 .concat [ 16 16 0 0], L_000001b3d7793e00, L_000001b3d7794a50;
L_000001b3d7793ea0 .part L_000001b3d77921e0, 0, 11;
L_000001b3d7793360 .concat [ 11 21 0 0], L_000001b3d7793ea0, L_000001b3d7794a98;
L_000001b3d7793b80 .functor MUXZ 32, L_000001b3d7793360, L_000001b3d7792e60, L_000001b3d77930e0, C4<>;
L_000001b3d77928c0 .concat [ 6 26 0 0], L_000001b3d77917e0, L_000001b3d7794ae0;
L_000001b3d7792960 .cmp/eq 32, L_000001b3d77928c0, L_000001b3d7794b28;
L_000001b3d7792f00 .concat [ 6 26 0 0], L_000001b3d77917e0, L_000001b3d7794b70;
L_000001b3d7793a40 .cmp/eq 32, L_000001b3d7792f00, L_000001b3d7794bb8;
L_000001b3d77935e0 .concat [ 6 26 0 0], L_000001b3d77917e0, L_000001b3d7794c00;
L_000001b3d7792a00 .cmp/eq 32, L_000001b3d77935e0, L_000001b3d7794c48;
L_000001b3d7792aa0 .concat [ 6 26 0 0], L_000001b3d77917e0, L_000001b3d7794c90;
L_000001b3d7792c80 .cmp/eq 32, L_000001b3d7792aa0, L_000001b3d7794cd8;
L_000001b3d7793540 .concat [ 6 26 0 0], L_000001b3d77917e0, L_000001b3d7794d20;
L_000001b3d7793040 .cmp/eq 32, L_000001b3d7793540, L_000001b3d7794d68;
L_000001b3d7792b40 .concat [ 6 26 0 0], L_000001b3d77917e0, L_000001b3d7794db0;
L_000001b3d7793680 .cmp/eq 32, L_000001b3d7792b40, L_000001b3d7794df8;
L_000001b3d77939a0 .concat [ 6 26 0 0], L_000001b3d77917e0, L_000001b3d7794e40;
L_000001b3d7792dc0 .cmp/eq 32, L_000001b3d77939a0, L_000001b3d7794e88;
L_000001b3d7793180 .concat [ 6 26 0 0], L_000001b3d77917e0, L_000001b3d7794ed0;
L_000001b3d7793220 .cmp/eq 32, L_000001b3d7793180, L_000001b3d7794f18;
L_000001b3d77932c0 .concat [ 6 26 0 0], L_000001b3d77917e0, L_000001b3d7794f60;
L_000001b3d7793400 .cmp/eq 32, L_000001b3d77932c0, L_000001b3d7794fa8;
L_000001b3d7793ae0 .functor MUXZ 2, L_000001b3d7795038, L_000001b3d7794ff0, L_000001b3d77f0330, C4<>;
L_000001b3d7793c20 .part L_000001b3d7793ae0, 0, 1;
L_000001b3d77f3920 .concat [ 6 26 0 0], L_000001b3d77917e0, L_000001b3d7795080;
L_000001b3d77f39c0 .cmp/eq 32, L_000001b3d77f3920, L_000001b3d77950c8;
L_000001b3d77f4be0 .concat [ 6 26 0 0], L_000001b3d77917e0, L_000001b3d7795110;
L_000001b3d77f43c0 .cmp/eq 32, L_000001b3d77f4be0, L_000001b3d7795158;
L_000001b3d77f4fa0 .concat [ 6 26 0 0], L_000001b3d77917e0, L_000001b3d77951a0;
L_000001b3d77f4460 .cmp/eq 32, L_000001b3d77f4fa0, L_000001b3d77951e8;
L_000001b3d77f4640 .concat [ 6 26 0 0], L_000001b3d77917e0, L_000001b3d7795230;
L_000001b3d77f3e20 .cmp/eq 32, L_000001b3d77f4640, L_000001b3d7795278;
L_000001b3d77f3ce0 .concat [ 6 26 0 0], L_000001b3d77917e0, L_000001b3d77952c0;
L_000001b3d77f4a00 .cmp/eq 32, L_000001b3d77f3ce0, L_000001b3d7795308;
L_000001b3d77f3a60 .concat [ 6 26 0 0], L_000001b3d77917e0, L_000001b3d7795350;
L_000001b3d77f3c40 .cmp/eq 32, L_000001b3d77f3a60, L_000001b3d7795398;
L_000001b3d77f3ec0 .concat [ 6 26 0 0], L_000001b3d77917e0, L_000001b3d77953e0;
L_000001b3d77f3b00 .cmp/eq 32, L_000001b3d77f3ec0, L_000001b3d7795428;
L_000001b3d77f48c0 .functor MUXZ 2, L_000001b3d77954b8, L_000001b3d7795470, L_000001b3d77f01e0, C4<>;
L_000001b3d77f3f60 .part L_000001b3d77f48c0, 0, 1;
L_000001b3d77f4280 .concat [ 6 26 0 0], L_000001b3d77917e0, L_000001b3d7795500;
L_000001b3d77f4780 .cmp/eq 32, L_000001b3d77f4280, L_000001b3d7795548;
L_000001b3d77f4dc0 .functor MUXZ 2, L_000001b3d77955d8, L_000001b3d7795590, L_000001b3d77f4780, C4<>;
L_000001b3d77f4000 .part L_000001b3d77f4dc0, 0, 1;
S_000001b3d769ede0 .scope module, "uut5_data_mem" "adder" 3 53, 5 1 0, S_000001b3d761c300;
 .timescale 0 0;
    .port_info 0 /INPUT 32 "input_1";
    .port_info 1 /INPUT 32 "input_2";
    .port_info 2 /OUTPUT 32 "output_value";
P_000001b3d765c1e0 .param/l "N" 0 5 3, +C4<00000000000000000000000000100000>;
v000001b3d778d850_0 .net "input_1", 31 0, L_000001b3d7793b80;  alias, 1 drivers
v000001b3d778d5d0_0 .net "input_2", 31 0, L_000001b3d77934a0;  alias, 1 drivers
v000001b3d778d7b0_0 .net "output_value", 31 0, L_000001b3d77f3ba0;  alias, 1 drivers
L_000001b3d77f3ba0 .arith/sum 32, L_000001b3d7793b80, L_000001b3d77934a0;
S_000001b3d75f99b0 .scope module, "uut6" "data_memory" 3 55, 10 1 0, S_000001b3d761c300;
 .timescale 0 0;
    .port_info 0 /INPUT 32 "read_address";
    .port_info 1 /INPUT 32 "write_address";
    .port_info 2 /INPUT 1 "write_enable";
    .port_info 3 /INPUT 32 "data_in";
    .port_info 4 /OUTPUT 32 "data_out";
    .port_info 5 /INPUT 16 "pc";
L_000001b3d7795620 .functor BUFT 1, C4<00000000000000001111111111111111>, C4<0>, C4<0>, C4<0>;
v000001b3d778d8f0_0 .net/2u *"_ivl_0", 31 0, L_000001b3d7795620;  1 drivers
v000001b3d778d990_0 .net *"_ivl_2", 0 0, L_000001b3d77f4960;  1 drivers
v000001b3d778dcb0_0 .net *"_ivl_4", 31 0, L_000001b3d77f40a0;  1 drivers
L_000001b3d7795668 .functor BUFT 1, C4<00000000000000000000000000000000>, C4<0>, C4<0>, C4<0>;
v000001b3d778c450_0 .net/2u *"_ivl_6", 31 0, L_000001b3d7795668;  1 drivers
v000001b3d778f220_0 .net "data_in", 31 0, L_000001b3d765de70;  alias, 1 drivers
v000001b3d778eaa0_0 .net "data_out", 31 0, L_000001b3d77f3d80;  alias, 1 drivers
v000001b3d778fae0_0 .var/i "i", 31 0;
v000001b3d778fa40 .array "mem", 0 65535, 31 0;
v000001b3d778e640_0 .net "pc", 15 0, v000001b3d77911a0_0;  alias, 1 drivers
v000001b3d778ee60_0 .net "read_address", 31 0, L_000001b3d77f3ba0;  alias, 1 drivers
v000001b3d778e960_0 .net "write_address", 31 0, L_000001b3d77f3ba0;  alias, 1 drivers
v000001b3d778fcc0_0 .net "write_enable", 0 0, L_000001b3d77f4000;  alias, 1 drivers
L_000001b3d77f4960 .cmp/ge 32, L_000001b3d7795620, L_000001b3d77f3ba0;
L_000001b3d77f40a0 .array/port v000001b3d778fa40, L_000001b3d77f3ba0;
L_000001b3d77f3d80 .functor MUXZ 32, L_000001b3d7795668, L_000001b3d77f40a0, L_000001b3d77f4960, C4<>;
S_000001b3d75f9b40 .scope module, "uut7" "alu" 3 57, 11 1 0, S_000001b3d761c300;
 .timescale 0 0;
    .port_info 0 /INPUT 32 "instruction";
    .port_info 1 /INPUT 32 "a";
    .port_info 2 /INPUT 32 "b";
    .port_info 3 /OUTPUT 32 "c";
    .port_info 4 /OUTPUT 1 "zero";
L_000001b3d77f0560 .functor AND 32, L_000001b3d765dcb0, L_000001b3d7792280, C4<11111111111111111111111111111111>, C4<11111111111111111111111111111111>;
L_000001b3d77f0e20 .functor OR 32, L_000001b3d765dcb0, L_000001b3d7792280, C4<00000000000000000000000000000000>, C4<00000000000000000000000000000000>;
L_000001b3d77f08e0 .functor AND 32, L_000001b3d765dcb0, L_000001b3d7792280, C4<11111111111111111111111111111111>, C4<11111111111111111111111111111111>;
L_000001b3d77f0480 .functor OR 32, L_000001b3d765dcb0, L_000001b3d7792280, C4<00000000000000000000000000000000>, C4<00000000000000000000000000000000>;
L_000001b3d77f0aa0 .functor BUFZ 32, L_000001b3d77f3740, C4<00000000000000000000000000000000>, C4<00000000000000000000000000000000>, C4<00000000000000000000000000000000>;
v000001b3d778f5e0_0 .net *"_ivl_103", 0 0, L_000001b3d77f36a0;  1 drivers
L_000001b3d7795a58 .functor BUFT 1, C4<00000000000000000000000000000001>, C4<0>, C4<0>, C4<0>;
v000001b3d778f9a0_0 .net/2s *"_ivl_105", 31 0, L_000001b3d7795a58;  1 drivers
L_000001b3d7795aa0 .functor BUFT 1, C4<00000000000000000000000000000000>, C4<0>, C4<0>, C4<0>;
v000001b3d778e1e0_0 .net/2s *"_ivl_107", 31 0, L_000001b3d7795aa0;  1 drivers
v000001b3d778e6e0_0 .net *"_ivl_111", 31 0, L_000001b3d77f3560;  1 drivers
v000001b3d778e0a0_0 .net *"_ivl_114", 5 0, L_000001b3d77f13a0;  1 drivers
L_000001b3d7795ae8 .functor BUFT 1, C4<00000000000000000000000000000000>, C4<0>, C4<0>, C4<0>;
v000001b3d778e820_0 .net/2u *"_ivl_115", 31 0, L_000001b3d7795ae8;  1 drivers
v000001b3d778ea00_0 .net *"_ivl_117", 0 0, L_000001b3d77f1300;  1 drivers
L_000001b3d7795b30 .functor BUFT 1, C4<01>, C4<0>, C4<0>, C4<0>;
v000001b3d778eb40_0 .net/2s *"_ivl_119", 1 0, L_000001b3d7795b30;  1 drivers
L_000001b3d7795b78 .functor BUFT 1, C4<00>, C4<0>, C4<0>, C4<0>;
v000001b3d778fb80_0 .net/2s *"_ivl_121", 1 0, L_000001b3d7795b78;  1 drivers
v000001b3d778ebe0_0 .net *"_ivl_123", 1 0, L_000001b3d77f16c0;  1 drivers
v000001b3d778f7c0_0 .net *"_ivl_127", 31 0, L_000001b3d77f3740;  1 drivers
v000001b3d778f860_0 .net *"_ivl_130", 5 0, L_000001b3d77f1bc0;  1 drivers
v000001b3d778fc20_0 .net *"_ivl_43", 0 0, L_000001b3d77f41e0;  1 drivers
L_000001b3d7795740 .functor BUFT 1, C4<0000000000000000000000000000000>, C4<0>, C4<0>, C4<0>;
v000001b3d778ff40_0 .net *"_ivl_48", 30 0, L_000001b3d7795740;  1 drivers
v000001b3d778f2c0_0 .net *"_ivl_50", 0 0, L_000001b3d77f4e60;  1 drivers
L_000001b3d7795788 .functor BUFT 1, C4<0000000000000000000000000000000>, C4<0>, C4<0>, C4<0>;
v000001b3d778f900_0 .net *"_ivl_55", 30 0, L_000001b3d7795788;  1 drivers
v000001b3d778f540_0 .net *"_ivl_57", 0 0, L_000001b3d77f4820;  1 drivers
L_000001b3d77957d0 .functor BUFT 1, C4<0000000000000000000000000000000>, C4<0>, C4<0>, C4<0>;
v000001b3d778edc0_0 .net *"_ivl_62", 30 0, L_000001b3d77957d0;  1 drivers
v000001b3d778ec80_0 .net *"_ivl_64", 0 0, L_000001b3d77f23e0;  1 drivers
L_000001b3d7795818 .functor BUFT 1, C4<0000000000000000000000000000000>, C4<0>, C4<0>, C4<0>;
v000001b3d778ef00_0 .net *"_ivl_69", 30 0, L_000001b3d7795818;  1 drivers
v000001b3d778f680_0 .net *"_ivl_71", 0 0, L_000001b3d77f3420;  1 drivers
L_000001b3d7795860 .functor BUFT 1, C4<0000000000000000000000000000000>, C4<0>, C4<0>, C4<0>;
v000001b3d778fd60_0 .net *"_ivl_76", 30 0, L_000001b3d7795860;  1 drivers
v000001b3d778f4a0_0 .net *"_ivl_78", 0 0, L_000001b3d77f2980;  1 drivers
L_000001b3d77958a8 .functor BUFT 1, C4<0000000000000000000000000000000>, C4<0>, C4<0>, C4<0>;
v000001b3d778efa0_0 .net *"_ivl_83", 30 0, L_000001b3d77958a8;  1 drivers
v000001b3d778fe00_0 .net *"_ivl_94", 0 0, L_000001b3d77f2ac0;  1 drivers
L_000001b3d77959c8 .functor BUFT 1, C4<00000000000000000000000000000001>, C4<0>, C4<0>, C4<0>;
v000001b3d778fea0_0 .net/2s *"_ivl_96", 31 0, L_000001b3d77959c8;  1 drivers
L_000001b3d7795a10 .functor BUFT 1, C4<00000000000000000000000000000000>, C4<0>, C4<0>, C4<0>;
v000001b3d778ed20_0 .net/2s *"_ivl_98", 31 0, L_000001b3d7795a10;  1 drivers
v000001b3d778e780_0 .net "a", 31 0, L_000001b3d765dcb0;  alias, 1 drivers
v000001b3d778f040_0 .net "b", 31 0, L_000001b3d7792280;  alias, 1 drivers
v000001b3d778e8c0_0 .net "c", 31 0, L_000001b3d77f0aa0;  alias, 1 drivers
v000001b3d778f0e0_0 .net "instruction", 31 0, L_000001b3d77921e0;  alias, 1 drivers
v000001b3d778f180 .array "values", 0 24;
v000001b3d778f180_0 .net v000001b3d778f180 0, 31 0, L_000001b3d77f4500; 1 drivers
v000001b3d778f180_1 .net v000001b3d778f180 1, 31 0, L_000001b3d77f4320; 1 drivers
v000001b3d778f180_2 .net v000001b3d778f180 2, 31 0, L_000001b3d77f4140; 1 drivers
v000001b3d778f180_3 .net v000001b3d778f180 3, 31 0, L_000001b3d77f45a0; 1 drivers
v000001b3d778f180_4 .net v000001b3d778f180 4, 31 0, L_000001b3d77f4c80; 1 drivers
v000001b3d778f180_5 .net v000001b3d778f180 5, 31 0, L_000001b3d77f4aa0; 1 drivers
v000001b3d778f180_6 .net v000001b3d778f180 6, 31 0, L_000001b3d77f0560; 1 drivers
v000001b3d778f180_7 .net v000001b3d778f180 7, 31 0, L_000001b3d77f0e20; 1 drivers
v000001b3d778f180_8 .net v000001b3d778f180 8, 31 0, L_000001b3d77f08e0; 1 drivers
v000001b3d778f180_9 .net v000001b3d778f180 9, 31 0, L_000001b3d77f0480; 1 drivers
v000001b3d778f180_10 .net v000001b3d778f180 10, 31 0, L_000001b3d77f4d20; 1 drivers
v000001b3d778f180_11 .net v000001b3d778f180 11, 31 0, L_000001b3d77f4b40; 1 drivers
L_000001b3d77956b0 .functor BUFT 1, C4<00000000000000000000000000000001>, C4<0>, C4<0>, C4<0>;
v000001b3d778f180_12 .net v000001b3d778f180 12, 31 0, L_000001b3d77956b0; 1 drivers
L_000001b3d77956f8 .functor BUFT 1, C4<00000000000000000000000000000001>, C4<0>, C4<0>, C4<0>;
v000001b3d778f180_13 .net v000001b3d778f180 13, 31 0, L_000001b3d77956f8; 1 drivers
v000001b3d778f180_14 .net v000001b3d778f180 14, 31 0, L_000001b3d77f46e0; 1 drivers
v000001b3d778f180_15 .net v000001b3d778f180 15, 31 0, L_000001b3d77f4f00; 1 drivers
v000001b3d778f180_16 .net v000001b3d778f180 16, 31 0, L_000001b3d77f2520; 1 drivers
v000001b3d778f180_17 .net v000001b3d778f180 17, 31 0, L_000001b3d77f37e0; 1 drivers
v000001b3d778f180_18 .net v000001b3d778f180 18, 31 0, L_000001b3d77f2480; 1 drivers
v000001b3d778f180_19 .net v000001b3d778f180 19, 31 0, L_000001b3d77f3600; 1 drivers
L_000001b3d77958f0 .functor BUFT 1, C4<00000000000000000000000000000000>, C4<0>, C4<0>, C4<0>;
v000001b3d778f180_20 .net v000001b3d778f180 20, 31 0, L_000001b3d77958f0; 1 drivers
L_000001b3d7795938 .functor BUFT 1, C4<00000000000000000000000000000000>, C4<0>, C4<0>, C4<0>;
v000001b3d778f180_21 .net v000001b3d778f180 21, 31 0, L_000001b3d7795938; 1 drivers
L_000001b3d7795980 .functor BUFT 1, C4<00000000000000000000000000000000>, C4<0>, C4<0>, C4<0>;
v000001b3d778f180_22 .net v000001b3d778f180 22, 31 0, L_000001b3d7795980; 1 drivers
v000001b3d778f180_23 .net v000001b3d778f180 23, 31 0, L_000001b3d77f2660; 1 drivers
v000001b3d778f180_24 .net v000001b3d778f180 24, 31 0, L_000001b3d77f2a20; 1 drivers
v000001b3d778f360_0 .net "zero", 0 0, L_000001b3d77f2160;  alias, 1 drivers
L_000001b3d77f4500 .arith/sum 32, L_000001b3d765dcb0, L_000001b3d7792280;
L_000001b3d77f4320 .arith/sub 32, L_000001b3d765dcb0, L_000001b3d7792280;
L_000001b3d77f4140 .arith/sum 32, L_000001b3d765dcb0, L_000001b3d7792280;
L_000001b3d77f45a0 .arith/sub 32, L_000001b3d765dcb0, L_000001b3d7792280;
L_000001b3d77f4c80 .arith/sum 32, L_000001b3d765dcb0, L_000001b3d7792280;
L_000001b3d77f4aa0 .arith/sum 32, L_000001b3d765dcb0, L_000001b3d7792280;
L_000001b3d77f4d20 .shift/l 32, L_000001b3d765dcb0, L_000001b3d7792280;
L_000001b3d77f4b40 .shift/r 32, L_000001b3d765dcb0, L_000001b3d7792280;
L_000001b3d77f41e0 .cmp/ne 32, L_000001b3d765dcb0, L_000001b3d7792280;
L_000001b3d77f46e0 .concat [ 1 31 0 0], L_000001b3d77f41e0, L_000001b3d7795740;
L_000001b3d77f4e60 .cmp/eq 32, L_000001b3d765dcb0, L_000001b3d7792280;
L_000001b3d77f4f00 .concat [ 1 31 0 0], L_000001b3d77f4e60, L_000001b3d7795788;
L_000001b3d77f4820 .cmp/ge 32, L_000001b3d7792280, L_000001b3d765dcb0;
L_000001b3d77f2520 .concat [ 1 31 0 0], L_000001b3d77f4820, L_000001b3d77957d0;
L_000001b3d77f23e0 .cmp/gt 32, L_000001b3d7792280, L_000001b3d765dcb0;
L_000001b3d77f37e0 .concat [ 1 31 0 0], L_000001b3d77f23e0, L_000001b3d7795818;
L_000001b3d77f3420 .cmp/ge 32, L_000001b3d765dcb0, L_000001b3d7792280;
L_000001b3d77f2480 .concat [ 1 31 0 0], L_000001b3d77f3420, L_000001b3d7795860;
L_000001b3d77f2980 .cmp/gt 32, L_000001b3d765dcb0, L_000001b3d7792280;
L_000001b3d77f3600 .concat [ 1 31 0 0], L_000001b3d77f2980, L_000001b3d77958a8;
L_000001b3d77f2ac0 .cmp/gt 32, L_000001b3d7792280, L_000001b3d765dcb0;
L_000001b3d77f2660 .functor MUXZ 32, L_000001b3d7795a10, L_000001b3d77959c8, L_000001b3d77f2ac0, C4<>;
L_000001b3d77f36a0 .cmp/gt 32, L_000001b3d7792280, L_000001b3d765dcb0;
L_000001b3d77f2a20 .functor MUXZ 32, L_000001b3d7795aa0, L_000001b3d7795a58, L_000001b3d77f36a0, C4<>;
L_000001b3d77f3560 .array/port v000001b3d778f180, L_000001b3d77f13a0;
L_000001b3d77f13a0 .part L_000001b3d77921e0, 26, 6;
L_000001b3d77f1300 .cmp/eq 32, L_000001b3d77f3560, L_000001b3d7795ae8;
L_000001b3d77f16c0 .functor MUXZ 2, L_000001b3d7795b78, L_000001b3d7795b30, L_000001b3d77f1300, C4<>;
L_000001b3d77f2160 .part L_000001b3d77f16c0, 0, 1;
L_000001b3d77f3740 .array/port v000001b3d778f180, L_000001b3d77f1bc0;
L_000001b3d77f1bc0 .part L_000001b3d77921e0, 26, 6;
S_000001b3d75e96c0 .scope module, "uut9_jump" "adder" 3 61, 5 1 0, S_000001b3d761c300;
 .timescale 0 0;
    .port_info 0 /INPUT 32 "input_1";
    .port_info 1 /INPUT 32 "input_2";
    .port_info 2 /OUTPUT 32 "output_value";
P_000001b3d765be20 .param/l "N" 0 5 3, +C4<00000000000000000000000000100000>;
v000001b3d778e280_0 .net "input_1", 31 0, L_000001b3d77f34c0;  alias, 1 drivers
v000001b3d778f400_0 .net "input_2", 31 0, L_000001b3d7793f40;  alias, 1 drivers
v000001b3d778e320_0 .net "output_value", 31 0, L_000001b3d77f1c60;  alias, 1 drivers
L_000001b3d77f1c60 .arith/sum 32, L_000001b3d77f34c0, L_000001b3d7793f40;
    .scope S_000001b3d75f5600;
T_0 ;
    %pushi/vec4 838860800, 0, 32;
    %ix/load 4, 0, 0;
    %flag_set/imm 4, 0;
    %store/vec4a v000001b3d7664ff0, 4, 0;
    %pushi/vec4 70254592, 0, 32;
    %ix/load 4, 1, 0;
    %flag_set/imm 4, 0;
    %store/vec4a v000001b3d7664ff0, 4, 0;
    %pushi/vec4 1004638228, 0, 32;
    %ix/load 4, 2, 0;
    %flag_set/imm 4, 0;
    %store/vec4a v000001b3d7664ff0, 4, 0;
    %pushi/vec4 72388608, 0, 32;
    %ix/load 4, 3, 0;
    %flag_set/imm 4, 0;
    %store/vec4a v000001b3d7664ff0, 4, 0;
    %pushi/vec4 73531393, 0, 32;
    %ix/load 4, 4, 0;
    %flag_set/imm 4, 0;
    %store/vec4a v000001b3d7664ff0, 4, 0;
    %pushi/vec4 845807616, 0, 32;
    %ix/load 4, 5, 0;
    %flag_set/imm 4, 0;
    %store/vec4a v000001b3d7664ff0, 4, 0;
    %pushi/vec4 1005787154, 0, 32;
    %ix/load 4, 6, 0;
    %flag_set/imm 4, 0;
    %store/vec4a v000001b3d7664ff0, 4, 0;
    %pushi/vec4 278069248, 0, 32;
    %ix/load 4, 7, 0;
    %flag_set/imm 4, 0;
    %store/vec4a v000001b3d7664ff0, 4, 0;
    %pushi/vec4 8685568, 0, 32;
    %ix/load 4, 8, 0;
    %flag_set/imm 4, 0;
    %store/vec4a v000001b3d7664ff0, 4, 0;
    %pushi/vec4 279183361, 0, 32;
    %ix/load 4, 9, 0;
    %flag_set/imm 4, 0;
    %store/vec4a v000001b3d7664ff0, 4, 0;
    %pushi/vec4 818151424, 0, 32;
    %ix/load 4, 10, 0;
    %flag_set/imm 4, 0;
    %store/vec4a v000001b3d7664ff0, 4, 0;
    %pushi/vec4 820314112, 0, 32;
    %ix/load 4, 11, 0;
    %flag_set/imm 4, 0;
    %store/vec4a v000001b3d7664ff0, 4, 0;
    %pushi/vec4 1340487696, 0, 32;
    %ix/load 4, 12, 0;
    %flag_set/imm 4, 0;
    %store/vec4a v000001b3d7664ff0, 4, 0;
    %pushi/vec4 310771712, 0, 32;
    %ix/load 4, 13, 0;
    %flag_set/imm 4, 0;
    %store/vec4a v000001b3d7664ff0, 4, 0;
    %pushi/vec4 937893888, 0, 32;
    %ix/load 4, 14, 0;
    %flag_set/imm 4, 0;
    %store/vec4a v000001b3d7664ff0, 4, 0;
    %pushi/vec4 938747904, 0, 32;
    %ix/load 4, 15, 0;
    %flag_set/imm 4, 0;
    %store/vec4a v000001b3d7664ff0, 4, 0;
    %pushi/vec4 309526529, 0, 32;
    %ix/load 4, 16, 0;
    %flag_set/imm 4, 0;
    %store/vec4a v000001b3d7664ff0, 4, 0;
    %pushi/vec4 1407188998, 0, 32;
    %ix/load 4, 17, 0;
    %flag_set/imm 4, 0;
    %store/vec4a v000001b3d7664ff0, 4, 0;
    %pushi/vec4 307363841, 0, 32;
    %ix/load 4, 18, 0;
    %flag_set/imm 4, 0;
    %store/vec4a v000001b3d7664ff0, 4, 0;
    %pushi/vec4 1407188994, 0, 32;
    %ix/load 4, 19, 0;
    %flag_set/imm 4, 0;
    %store/vec4a v000001b3d7664ff0, 4, 0;
    %pushi/vec4 1407189012, 0, 32;
    %ix/load 4, 20, 0;
    %flag_set/imm 4, 0;
    %store/vec4a v000001b3d7664ff0, 4, 0;
    %end;
    .thread T_0;
    .scope S_000001b3d760dab0;
T_1 ;
    %pushi/vec4 1, 0, 32;
    %ix/load 4, 0, 0;
    %flag_set/imm 4, 0;
    %store/vec4a v000001b3d7786ba0, 4, 0;
    %pushi/vec4 1, 0, 32;
    %store/vec4 v000001b3d77876e0_0, 0, 32;
T_1.0 ;
    %load/vec4 v000001b3d77876e0_0;
    %cmpi/s 32, 0, 32;
    %jmp/0xz T_1.1, 5;
    %pushi/vec4 0, 0, 32;
    %ix/getv/s 4, v000001b3d77876e0_0;
    %store/vec4a v000001b3d7786ba0, 4, 0;
    %load/vec4 v000001b3d77876e0_0;
    %addi 1, 0, 32;
    %store/vec4 v000001b3d77876e0_0, 0, 32;
    %jmp T_1.0;
T_1.1 ;
    %pushi/vec4 2, 0, 32;
    %ix/load 4, 17, 0;
    %flag_set/imm 4, 0;
    %store/vec4a v000001b3d7786ba0, 4, 0;
    %end;
    .thread T_1;
    .scope S_000001b3d760dab0;
T_2 ;
    %wait E_000001b3d765b2e0;
    %delay 2, 0;
    %load/vec4 v000001b3d7786740_0;
    %flag_set/vec4 8;
    %jmp/0xz  T_2.0, 8;
    %load/vec4 v000001b3d7786060_0;
    %load/vec4 v000001b3d7787500_0;
    %pad/u 7;
    %ix/vec4 4;
    %store/vec4a v000001b3d7786ba0, 4, 0;
T_2.0 ;
    %jmp T_2;
    .thread T_2, $push;
    .scope S_000001b3d75f99b0;
T_3 ;
    %pushi/vec4 0, 0, 32;
    %ix/load 4, 0, 0;
    %flag_set/imm 4, 0;
    %store/vec4a v000001b3d778fa40, 4, 0;
    %pushi/vec4 25, 0, 32;
    %ix/load 4, 1, 0;
    %flag_set/imm 4, 0;
    %store/vec4a v000001b3d778fa40, 4, 0;
    %pushi/vec4 14, 0, 32;
    %ix/load 4, 2, 0;
    %flag_set/imm 4, 0;
    %store/vec4a v000001b3d778fa40, 4, 0;
    %pushi/vec4 23, 0, 32;
    %ix/load 4, 3, 0;
    %flag_set/imm 4, 0;
    %store/vec4a v000001b3d778fa40, 4, 0;
    %pushi/vec4 8, 0, 32;
    %ix/load 4, 4, 0;
    %flag_set/imm 4, 0;
    %store/vec4a v000001b3d778fa40, 4, 0;
    %pushi/vec4 12, 0, 32;
    %ix/load 4, 5, 0;
    %flag_set/imm 4, 0;
    %store/vec4a v000001b3d778fa40, 4, 0;
    %pushi/vec4 2, 0, 32;
    %ix/load 4, 6, 0;
    %flag_set/imm 4, 0;
    %store/vec4a v000001b3d778fa40, 4, 0;
    %pushi/vec4 16, 0, 32;
    %ix/load 4, 7, 0;
    %flag_set/imm 4, 0;
    %store/vec4a v000001b3d778fa40, 4, 0;
    %pushi/vec4 9, 0, 32;
    %ix/load 4, 8, 0;
    %flag_set/imm 4, 0;
    %store/vec4a v000001b3d778fa40, 4, 0;
    %pushi/vec4 1, 0, 32;
    %ix/load 4, 9, 0;
    %flag_set/imm 4, 0;
    %store/vec4a v000001b3d778fa40, 4, 0;
    %pushi/vec4 6, 0, 32;
    %ix/load 4, 10, 0;
    %flag_set/imm 4, 0;
    %store/vec4a v000001b3d778fa40, 4, 0;
    %pushi/vec4 19, 0, 32;
    %ix/load 4, 11, 0;
    %flag_set/imm 4, 0;
    %store/vec4a v000001b3d778fa40, 4, 0;
    %pushi/vec4 22, 0, 32;
    %ix/load 4, 12, 0;
    %flag_set/imm 4, 0;
    %store/vec4a v000001b3d778fa40, 4, 0;
    %pushi/vec4 20, 0, 32;
    %ix/load 4, 13, 0;
    %flag_set/imm 4, 0;
    %store/vec4a v000001b3d778fa40, 4, 0;
    %pushi/vec4 17, 0, 32;
    %ix/load 4, 14, 0;
    %flag_set/imm 4, 0;
    %store/vec4a v000001b3d778fa40, 4, 0;
    %pushi/vec4 13, 0, 32;
    %ix/load 4, 15, 0;
    %flag_set/imm 4, 0;
    %store/vec4a v000001b3d778fa40, 4, 0;
    %pushi/vec4 24, 0, 32;
    %ix/load 4, 16, 0;
    %flag_set/imm 4, 0;
    %store/vec4a v000001b3d778fa40, 4, 0;
    %pushi/vec4 7, 0, 32;
    %ix/load 4, 17, 0;
    %flag_set/imm 4, 0;
    %store/vec4a v000001b3d778fa40, 4, 0;
    %pushi/vec4 5, 0, 32;
    %ix/load 4, 18, 0;
    %flag_set/imm 4, 0;
    %store/vec4a v000001b3d778fa40, 4, 0;
    %pushi/vec4 10, 0, 32;
    %ix/load 4, 19, 0;
    %flag_set/imm 4, 0;
    %store/vec4a v000001b3d778fa40, 4, 0;
    %pushi/vec4 25, 0, 32;
    %ix/load 4, 20, 0;
    %flag_set/imm 4, 0;
    %store/vec4a v000001b3d778fa40, 4, 0;
    %pushi/vec4 4, 0, 32;
    %ix/load 4, 21, 0;
    %flag_set/imm 4, 0;
    %store/vec4a v000001b3d778fa40, 4, 0;
    %pushi/vec4 11, 0, 32;
    %ix/load 4, 22, 0;
    %flag_set/imm 4, 0;
    %store/vec4a v000001b3d778fa40, 4, 0;
    %pushi/vec4 18, 0, 32;
    %ix/load 4, 23, 0;
    %flag_set/imm 4, 0;
    %store/vec4a v000001b3d778fa40, 4, 0;
    %pushi/vec4 3, 0, 32;
    %ix/load 4, 24, 0;
    %flag_set/imm 4, 0;
    %store/vec4a v000001b3d778fa40, 4, 0;
    %pushi/vec4 21, 0, 32;
    %ix/load 4, 25, 0;
    %flag_set/imm 4, 0;
    %store/vec4a v000001b3d778fa40, 4, 0;
    %pushi/vec4 15, 0, 32;
    %ix/load 4, 26, 0;
    %flag_set/imm 4, 0;
    %store/vec4a v000001b3d778fa40, 4, 0;
    %end;
    .thread T_3;
    .scope S_000001b3d75f99b0;
T_4 ;
    %wait E_000001b3d765b2e0;
    %load/vec4 v000001b3d778fcc0_0;
    %flag_set/vec4 9;
    %flag_get/vec4 9;
    %jmp/0 T_4.2, 9;
    %load/vec4 v000001b3d778e960_0;
    %cmpi/u 65535, 0, 32;
    %flag_get/vec4 4;
    %flag_get/vec4 5;
    %or;
    %and;
T_4.2;
    %flag_set/vec4 8;
    %jmp/0xz  T_4.0, 8;
    %load/vec4 v000001b3d778f220_0;
    %ix/getv 4, v000001b3d778e960_0;
    %store/vec4a v000001b3d778fa40, 4, 0;
T_4.0 ;
    %jmp T_4;
    .thread T_4, $push;
    .scope S_000001b3d75f99b0;
T_5 ;
    %delay 1990000, 0;
    %pushi/vec4 0, 0, 32;
    %store/vec4 v000001b3d778fae0_0, 0, 32;
T_5.0 ;
    %load/vec4 v000001b3d778fae0_0;
    %ix/load 4, 1, 0;
    %flag_set/imm 4, 0;
    %load/vec4a v000001b3d778fa40, 4;
    %addi 2, 0, 32;
    %cmp/u;
    %jmp/0xz T_5.1, 5;
    %vpi_call 10 71 "$display", "%d", &A<v000001b3d778fa40, v000001b3d778fae0_0 > {0 0 0};
    %load/vec4 v000001b3d778fae0_0;
    %addi 1, 0, 32;
    %store/vec4 v000001b3d778fae0_0, 0, 32;
    %jmp T_5.0;
T_5.1 ;
    %end;
    .thread T_5;
    .scope S_000001b3d761c300;
T_6 ;
    %pushi/vec4 0, 0, 16;
    %store/vec4 v000001b3d77911a0_0, 0, 16;
    %end;
    .thread T_6;
    .scope S_000001b3d761c300;
T_7 ;
    %wait E_000001b3d765bf60;
    %load/vec4 v000001b3d778e460_0;
    %pad/u 16;
    %store/vec4 v000001b3d77911a0_0, 0, 16;
    %jmp T_7;
    .thread T_7;
    .scope S_000001b3d761c170;
T_8 ;
    %pushi/vec4 0, 0, 1;
    %store/vec4 v000001b3d7792500_0, 0, 1;
    %end;
    .thread T_8;
    .scope S_000001b3d761c170;
T_9 ;
T_9.0 ;
    %delay 30, 0;
    %load/vec4 v000001b3d7792500_0;
    %inv;
    %store/vec4 v000001b3d7792500_0, 0, 1;
    %jmp T_9.0;
    %end;
    .thread T_9;
    .scope S_000001b3d761c170;
T_10 ;
    %vpi_call 2 21 "$dumpfile", "main_tb.vcd" {0 0 0};
    %vpi_call 2 22 "$dumpvars", 32'sb00000000000000000000000000000000, S_000001b3d761c170 {0 0 0};
    %delay 2000000, 0;
    %vpi_call 2 23 "$finish" {0 0 0};
    %end;
    .thread T_10;
# The file index is used to find the file name in the following table.
:file_names 12;
    "N/A";
    "<interactive>";
    ".\main_tb.v";
    "./main.v";
    "./instruction_mem.v";
    "./adder.v";
    "./mux.v";
    "./instruction_splitter.v";
    "./register.v";
    "./control_unit.v";
    "./data_mem.v";
    "./alu.v";
